1617340610720	geckodriver	INFO	geckodriver 0.20.1
1617340610735	geckodriver	INFO	Listening on 127.0.0.1:5630
1617340613777	mozrunner::runner	INFO	Running command: "C:\\Program Files\\Mozilla Firefox\\firefox.exe" "-marionette" "-profile" "C:\\Users\\DELL\\AppData\\Local\\Temp\\rust_mozprofile.n8wojAiQrz5d"
1617340614346	addons.xpi	WARN	Error parsing extensions state: [Exception... "Component returned failure code: 0x80520012 (NS_ERROR_FILE_NOT_FOUND) [amIAddonManagerStartup.readStartupData]"  nsresult: "0x80520012 (NS_ERROR_FILE_NOT_FOUND)"  location: "JS frame :: resource://gre/modules/addons/XPIProvider.jsm :: loadExtensionState :: line 1554"  data: no] Stack trace: loadExtensionState()@resource://gre/modules/addons/XPIProvider.jsm:1554 < getInstallState()@resource://gre/modules/addons/XPIProvider.jsm:1589 < checkForChanges()@resource://gre/modules/addons/XPIProvider.jsm:3109 < startup()@resource://gre/modules/addons/XPIProvider.jsm:2188 < callProvider()@resource://gre/modules/AddonManager.jsm:269 < _startProvider()@resource://gre/modules/AddonManager.jsm:739 < startup()@resource://gre/modules/AddonManager.jsm:906 < startup()@resource://gre/modules/AddonManager.jsm:3090 < observe()@jar:file:///C:/Program%20Files/Mozilla%20Firefox/omni.ja!/components/addonManager.js:65
Unable to read VR Path Registry from C:\Users\DELL\AppData\Local\openvr\openvrpaths.vrpath
1617340614835	Marionette	INFO	Enabled via --marionette
Unable to read VR Path Registry from C:\Users\DELL\AppData\Local\openvr\openvrpaths.vrpath
Unable to read VR Path Registry from C:\Users\DELL\AppData\Local\openvr\openvrpaths.vrpath
Unable to read VR Path Registry from C:\Users\DELL\AppData\Local\openvr\openvrpaths.vrpath
Unable to read VR Path Registry from C:\Users\DELL\AppData\Local\openvr\openvrpaths.vrpath
[Parent 24940] WARNING: pipe error: 109: file z:/build/build/src/ipc/chromium/src/chrome/common/ipc_channel_win.cc, line 346
[Child 13556] WARNING: pipe error: 109: file z:/build/build/src/ipc/chromium/src/chrome/common/ipc_channel_win.cc, line 346
[Child 13556] WARNING: pipe error: 101617340616588	Marionette	INFO	Listening on port 5639
1617340616798	Marionette	WARN	TLS certificate errors will be ignored for this session
1617340616829	Marionette	DEBUG	Register listener.js for window 6442450945
1617340616856	Marionette	DEBUG	Received DOM event "beforeunload" for "about:blank"
1617340621175	Marionette	DEBUG	Received DOM event "beforeunload" for "about:blank"
1617340621178	Marionette	DEBUG	Received DOM event "pagehide" for "about:blank"
1617340621178	Marionette	DEBUG	Received DOM event "unload" for "about:blank"
1617340621207	Marionette	DEBUG	Received DOM event "DOMContentLoaded" for "about:neterror?e=connectionFailure&u=http%3A//localhost%3A8000/&c=UTF-8&f=regular&d=Firefox%20%E6%97%A0%E6%B3%95%E5%BB%BA%E7%AB%8B%E5%88%B0%20localhost%3A8000%20%E6%9C%8D%E5%8A%A1%E5%99%A8%E7%9A%84%E8%BF%9E%E6%8E%A5%E3%80%82"
[Parent 24940] WARNING: pipe error: 109: file z:/build/build/src/ipc/chromium/src/chrome/common/ipc_channel_win.cc, line 346
[Parent 24940] WARNING: pipe error: 109: file z:/build/build/src/ipc/chromium/src/chrome/common/ipc_channel_win.cc, line 346
[Child 23428] WARNING: pipe error: 109: file z:/build/build/src/ipc/chromium/src/chrome/common/ipc_channel_win.cc, line 346
[Child 23428] WARNING: pipe error: 1617340634158	addons.productaddons	WARN	Failed downloading via XHR, status: 0, reason: error
[Child 11036] WARNING: pipe error: 109: file z:*** UTM:SVC TimerManager:registerTimer called after profile-before-change notification. Ignoring timer registration for id: telemetry_modules_ping

###!!! [Child][MessageChannel::SendAndWait] Error: Channel error: cannot send/recv

1617340658164	geckodriver	INFO	geckodriver 0.20.1
1617340658178	geckodriver	INFO	Listening on 127.0.0.1:5696
1617340661204	mozrunner::runner	INFO	Running command: "C:\\Program Files\\Mozilla Firefox\\firefox.exe" "-marionette" "-profile" "C:\\Users\\DELL\\AppData\\Local\\Temp\\rust_mozprofile.Fqpifyc4efRw"
1617340661405	addons.xpi	WARN	Error parsing extensions state: [Exception... "Component returned failure code: 0x80520012 (NS_ERROR_FILE_NOT_FOUND) [amIAddonManagerStartup.readStartupData]"  nsresult: "0x80520012 (NS_ERROR_FILE_NOT_FOUND)"  location: "JS frame :: resource://gre/modules/addons/XPIProvider.jsm :: loadExtensionState :: line 1554"  data: no] Stack trace: loadExtensionState()@resource://gre/modules/addons/XPIProvider.jsm:1554 < getInstallState()@resource://gre/modules/addons/XPIProvider.jsm:1589 < checkForChanges()@resource://gre/modules/addons/XPIProvider.jsm:3109 < startup()@resource://gre/modules/addons/XPIProvider.jsm:2188 < callProvider()@resource://gre/modules/AddonManager.jsm:269 < _startProvider()@resource://gre/modules/AddonManager.jsm:739 < startup()@resource://gre/modules/AddonManager.jsm:906 < startup()@resource://gre/modules/AddonManager.jsm:3090 < observe()@jar:file:///C:/Program%20Files/Mozilla%20Firefox/omni.ja!/components/addonManager.js:65
Unable to read VR Path Registry from C:\Users\DELL\AppData\Local\openvr\openvrpaths.vrpath
1617340661797	Marionette	INFO	Enabled via --marionette
Unable to read VR Path Registry from C:\Users\DELL\AppData\Local\openvr\openvrpaths.vrpath
Unable to read VR Path Registry from C:\Users\DELL\AppData\Local\openvr\openvrpaths.vrpath
Unable to read VR Path Registry from C:\Users\DELL\AppData\Local\openvr\openvrpaths.vrpath
Unable to read VR Path Registry from C:\Users\DELL\AppData\Local\openvr\openvrpaths.vrpath
[Child 14748] WARNING: pipe error: 109: file z:/build/build/src/ipc/chromium/src/chrome/common/ipc_channel_win.cc, line 346
[Child 14748] WARNING: pipe error: 101617340663234	Marionette	INFO	Listening on port 5704
1617340663720	Marionette	WARN	TLS certificate errors will be ignored for this session
1617340663761	Marionette	DEBUG	Register listener.js for window 4294967297
1617340663789	Marionette	DEBUG	Received DOM event "beforeunload" for "about:blank"
1617340716212	addons.productaddons	WARN	Failed downloading via XHR, status: 0, reason: error
1617340728479	Marionette	DEBUG	Received DOM event "beforeunload" for "about:blank"
1617340728502	Marionette	DEBUG	Received DOM event "pagehide" for "about:blank"
1617340728502	Marionette	DEBUG	Received DOM event "unload" for "about:blank"
1617340728503	Marionette	DEBUG	Received observer notification "outer-window-destroyed" for "4294967297"
[Parent 22132] WARNING: pipe error: 109: file z:/build/build/src/ipc/chromium/src/chrome/common/ipc_channel_win.cc, line 346
[C[Child 10904] WARNING: pipe error: 109: file z:/build/build/src/ipc/chromium/src/chrome/common/ipc_channel_win.cc, line 346
[Child 10904] WARNING: pipe error: 109: file z:/build/build/src/ipc/chromium/src/chrome/common/ipc_channel_win.cc, line 346
[GPU 3992] WARNING: pipe error: 109: file z:/bu
###!!! [Child][MessageChannel::SendAndWait] Error: Channel error: cannot send/recv

1617340735967	geckodriver	INFO	geckodriver 0.20.1
1617340735983	geckodriver	INFO	Listening on 127.0.0.1:5760
1617340738991	mozrunner::runner	INFO	Running command: "C:\\Program Files\\Mozilla Firefox\\firefox.exe" "-marionette" "-profile" "C:\\Users\\DELL\\AppData\\Local\\Temp\\rust_mozprofile.p5uRKxQXQtBL"
1617340739205	addons.xpi	WARN	Error parsing extensions state: [Exception... "Component returned failure code: 0x80520012 (NS_ERROR_FILE_NOT_FOUND) [amIAddonManagerStartup.readStartupData]"  nsresult: "0x80520012 (NS_ERROR_FILE_NOT_FOUND)"  location: "JS frame :: resource://gre/modules/addons/XPIProvider.jsm :: loadExtensionState :: line 1554"  data: no] Stack trace: loadExtensionState()@resource://gre/modules/addons/XPIProvider.jsm:1554 < getInstallState()@resource://gre/modules/addons/XPIProvider.jsm:1589 < checkForChanges()@resource://gre/modules/addons/XPIProvider.jsm:3109 < startup()@resource://gre/modules/addons/XPIProvider.jsm:2188 < callProvider()@resource://gre/modules/AddonManager.jsm:269 < _startProvider()@resource://gre/modules/AddonManager.jsm:739 < startup()@resource://gre/modules/AddonManager.jsm:906 < startup()@resource://gre/modules/AddonManager.jsm:3090 < observe()@jar:file:///C:/Program%20Files/Mozilla%20Firefox/omni.ja!/components/addonManager.js:65
Unable to read VR Path Registry from C:\Users\DELL\AppData\Local\openvr\openvrpaths.vrpath
1617340739607	Marionette	INFO	Enabled via --marionette
Unable to read VR Path Registry from C:\Users\DELL\AppData\Local\openvr\openvrpaths.vrpath
Unable to read VR Path Registry from C:\Users\DELL\AppData\Local\openvr\openvrpaths.vrpath
Unable to read VR Path Registry from C:\Users\DELL\AppData\Local\openvr\openvrpaths.vrpath
[Parent 29832] WARNING: pipe error: 109: file z:/build/build/src/ipc/chromium/src/chrome/common/ipc_channel_win.cc, line 346
[Child 25100] WARNING: pipe error: 109: file z:/build/build/src/ipc/chromium/src/chrome/common/ipc_channel_win.cc, line 346
[Child 25100] WARNING: pipe error: 109: file z:/build/build/src/ipc/chromium/src/chrome/coUnable to read VR Path Registry from C:\Users\DELL\AppData\Local\openvr\openvrpaths.vrpath
1617340740978	Marionette	INFO	Listening on port 5768
1617340741012	Marionette	WARN	TLS certificate errors will be ignored for this session
1617340741051	Marionette	DEBUG	Register listener.js for window 4294967297
1617340741100	Marionette	DEBUG	Received DOM event "beforeunload" for "about:blank"
1617340743515	Marionette	DEBUG	Received DOM event "beforeunload" for "about:blank"
1617340743540	Marionette	DEBUG	Received DOM event "pagehide" for "about:blank"
1617340743540	Marionette	DEBUG	Received DOM event "unload" for "about:blank"
1617340743541	Marionette	DEBUG	Received observer notification "outer-window-destroyed" for "4294967297"
[Parent 29832] WARNING: pipe error: 109: file z:/build/build/src/ipc/chromium/src/chrome/common/ipc_channel_win.cc, line 346
[Child 9840] WARNING: pipe error: 109: file z:/build/build/src/ipc/chromium/src/chrome/common/ipc_channel_win.cc, line 346
[Child 9840] WARNING: pipe error: 109: file z:/build/build/src/ipc/chromium/src/chrome/common/ipc_channel_win[Child 7420] WARNING: pipe error: 109: file z:/build/build/src/ipc/chromium/src/chrome/common/ipc_channel_win.cc, line 346
[Child 7420] WARNING: pipe error: 109: file z:/build/build/src/ipc/chromium/src/chrome/common/ipc_channel_win.cc, line 346
1617340743604	addons.productaddons	WARN	Failed downloading XML, status: 0, reason: error
*** UTM:SVC TimerManager:registerTimer called after profile-before-change notification. Ignoring timer registration for id: telemetry_modules_ping
[GPU 29048] WARNING: pipe error:
###!!! [Child][MessageChannel::SendAndWait] Error: Channel error: cannot send/recv

1617340802922	geckodriver	INFO	geckodriver 0.20.1
1617340802934	geckodriver	INFO	Listening on 127.0.0.1:5796
1617340805965	mozrunner::runner	INFO	Running command: "C:\\Program Files\\Mozilla Firefox\\firefox.exe" "-marionette" "-profile" "C:\\Users\\DELL\\AppData\\Local\\Temp\\rust_mozprofile.fKl88osWffMx"
1617340806189	addons.xpi	WARN	Error parsing extensions state: [Exception... "Component returned failure code: 0x80520012 (NS_ERROR_FILE_NOT_FOUND) [amIAddonManagerStartup.readStartupData]"  nsresult: "0x80520012 (NS_ERROR_FILE_NOT_FOUND)"  location: "JS frame :: resource://gre/modules/addons/XPIProvider.jsm :: loadExtensionState :: line 1554"  data: no] Stack trace: loadExtensionState()@resource://gre/modules/addons/XPIProvider.jsm:1554 < getInstallState()@resource://gre/modules/addons/XPIProvider.jsm:1589 < checkForChanges()@resource://gre/modules/addons/XPIProvider.jsm:3109 < startup()@resource://gre/modules/addons/XPIProvider.jsm:2188 < callProvider()@resource://gre/modules/AddonManager.jsm:269 < _startProvider()@resource://gre/modules/AddonManager.jsm:739 < startup()@resource://gre/modules/AddonManager.jsm:906 < startup()@resource://gre/modules/AddonManager.jsm:3090 < observe()@jar:file:///C:/Program%20Files/Mozilla%20Firefox/omni.ja!/components/addonManager.js:65
Unable to read VR Path Registry from C:\Users\DELL\AppData\Local\openvr\openvrpaths.vrpath
1617340806581	Marionette	INFO	Enabled via --marionette
Unable to read VR Path Registry from C:\Users\DELL\AppData\Local\openvr\openvrpaths.vrpath
Unable to read VR Path Registry from C:\Users\DELL\AppData\Local\openvr\openvrpaths.vrpath
Unable to read VR Path Registry from C:\Users\DELL\AppData\Local\openvr\openvrpaths.vrpath
Unable to read VR Path Registry from C:\Users\DELL\AppData\Local\openvr\openvrpaths.vrpath
[Parent 26664] WARNING: pipe error: 109: file z:/build/build/src/ipc/chromium/src/chrome/common/ipc_channel_win.cc, line 346
[Child 20860] WARNING: pipe error: 109: file z:/build/build/src/ipc/chromium/src/chrome/common/ipc_channel_win.cc, line 346
[Child 20860] WARNING: pipe error: 1617340807889	Marionette	INFO	Listening on port 5804
1617340807985	Marionette	WARN	TLS certificate errors will be ignored for this session
1617340808020	Marionette	DEBUG	Register listener.js for window 6442450945
1617340808055	Marionette	DEBUG	Received DOM event "beforeunload" for "about:blank"
1617340820559	Marionette	DEBUG	Received DOM event "beforeunload" for "about:blank"
1617340820592	Marionette	DEBUG	Received DOM event "pagehide" for "about:blank"
1617340820592	Marionette	DEBUG	Received DOM event "unload" for "about:blank"
1617340820593	Marionette	DEBUG	Received observer notification "outer-window-destroyed" for "6442450945"
[Parent 26664] WARNING: pipe error: 109: file z:/build/build/src/ipc/chromium/src/chrome/common/ipc_channel_win.cc, line 346
[Parent 26664] WARNING: pipe error: 109: file z:/build/build/src/ipc/chromium/src/chrome/common/ipc_channel_win.cc, line 346
[Child 29556] WARNING: pipe error: 109: file z:/build/build/src/ipc/chromium/src/chrome/common/ipc_channel_win.cc, line 346
[Child 29556] WARNING: pip[Child 13520] WARNING: pipe error: 109: file z:/build/build/src/ipc/chromium/src/chrome/common/ipc_channel_win.cc, line 346
[Child 13520] WARNING: pipe error: 109: file z:/build/build/src/ipc/chromium/src/chrome/common/ipc_channel_win.cc, line 346
1617340820647	addons.productaddons	WARN	Failed downloading via XHR, status: 0, reason: error
*** UTM:SVC TimerManager:registerTimer called after profile-before-change notification. Ignoring timer registration for id: telemetry_modules_ping

###!!! [Child][MessageChannel::SendAndWait] Error: Channel error: cannot send/recv

1617340875760	geckodriver	INFO	geckodriver 0.20.1
1617340875774	geckodriver	INFO	Listening on 127.0.0.1:5871
1617340878808	mozrunner::runner	INFO	Running command: "C:\\Program Files\\Mozilla Firefox\\firefox.exe" "-marionette" "-profile" "C:\\Users\\DELL\\AppData\\Local\\Temp\\rust_mozprofile.gv7CkV7897yD"
1617340879019	addons.xpi	WARN	Error parsing extensions state: [Exception... "Component returned failure code: 0x80520012 (NS_ERROR_FILE_NOT_FOUND) [amIAddonManagerStartup.readStartupData]"  nsresult: "0x80520012 (NS_ERROR_FILE_NOT_FOUND)"  location: "JS frame :: resource://gre/modules/addons/XPIProvider.jsm :: loadExtensionState :: line 1554"  data: no] Stack trace: loadExtensionState()@resource://gre/modules/addons/XPIProvider.jsm:1554 < getInstallState()@resource://gre/modules/addons/XPIProvider.jsm:1589 < checkForChanges()@resource://gre/modules/addons/XPIProvider.jsm:3109 < startup()@resource://gre/modules/addons/XPIProvider.jsm:2188 < callProvider()@resource://gre/modules/AddonManager.jsm:269 < _startProvider()@resource://gre/modules/AddonManager.jsm:739 < startup()@resource://gre/modules/AddonManager.jsm:906 < startup()@resource://gre/modules/AddonManager.jsm:3090 < observe()@jar:file:///C:/Program%20Files/Mozilla%20Firefox/omni.ja!/components/addonManager.js:65
Unable to read VR Path Registry from C:\Users\DELL\AppData\Local\openvr\openvrpaths.vrpath
1617340879405	Marionette	INFO	Enabled via --marionette
Unable to read VR Path Registry from C:\Users\DELL\AppData\Local\openvr\openvrpaths.vrpath
Unable to read VR Path Registry from C:\Users\DELL\AppData\Local\openvr\openvrpaths.vrpath
Unable to read VR Path Registry from C:\Users\DELL\AppData\Local\openvr\openvrpaths.vrpath
Unable to read VR Path Registry from C:\Users\DELL\AppData\Local\openvr\openvrpaths.vrpath
[Parent 29876] WARNING: pipe error: 109: file z:/build/build/src/ipc/chromium/src/chrome/common/ipc_channel_win.cc, line 346
[Child 7448] WARNING: pipe error: 109: file z:/build/build/src/ipc/chromium/src/chrome/common/ipc_channel_win.cc, line 346
[Child 7448] WARNING: pipe error: 1617340880861	Marionette	INFO	Listening on port 5880
1617340881326	Marionette	WARN	TLS certificate errors will be ignored for this session
1617340881358	Marionette	DEBUG	Register listener.js for window 4294967297
1617340881383	Marionette	DEBUG	Received DOM event "beforeunload" for "about:blank"
1617340884033	Marionette	DEBUG	Received DOM event "pagehide" for "about:blank"
1617340884034	Marionette	DEBUG	Received DOM event "unload" for "about:blank"
1617340884038	Marionette	DEBUG	Received DOM event "DOMContentLoaded" for "http://localhost:8000/"
1617340884115	Marionette	DEBUG	Received DOM event "pageshow" for "http://localhost:8000/"
Unable to read VR Path Registry from C:\Users\DELL\AppData\Local\openvr\openvrpaths.vrpath
[Child 996] WARNING: pipe error: 109: file z:/build/build/src/ipc/chromium/src/chrome/common/ipc_channel_win.cc, line 346
[Child 996] WARNING: pipe error: 109: file z:1617340954116	addons.productaddons	WARN	Failed downloading via XHR, status: 0, reason: error
[GFX1-]: Unrecognized feature WEBRENDER
[Parent 29876] WARNING: pipe error: 109: file z:/build/build/src/ipc/chromium/src/chrome/common/ipc_channel_win.cc, line 346
[Parent 29876] WARNING: pipe error: 109: file z:/build/build/src/ipc/chromium/src/chrome/common/ipc_channel_win.cc, line 346
[Child 16824] WARNING: pipe error: 109: file z:/build/build/src/ipc/chromium/src/chrome/common/ipc_channel_win.cc, line 346
[Child 16824] WARNING: pipe error[Child 25124] WARNING: pipe error: 109: file z:/build/build/src/ipc/chromium/src/chrome/common/ipc_channel_win.cc, line 346
[Child 25124] WARNING: pipe error: 109: file z:/build/build/src/ipc/chromium/src/chrome/common/ipc_channel_win.cc, line 346

###!!! [Child][MessageChannel::SendAndWait] Error: Channel error: cannot send/recv

es/addons/XPIProvider.jsm:1589 < checkForChanges()@resource://gre/modules/addons/XPIProvider.jsm:3109 < startup()@resource://gre/modules/addons/XPIProvider.jsm:2188 < callProvider()@resource://gre/modules/AddonManager.jsm:269 < _startProvider()@resource://gre/modules/AddonManager.jsm:739 < startup()@resource://gre/modules/AddonManager.jsm:906 < startup()@resource://gre/modules/AddonManager.jsm:3090 < observe()@jar:file:///C:/Program%20Files/Mozilla%20Firefox/omni.ja!/components/addonManager.js:65
Unable to read VR Path Registry from C:\Users\DELL\AppData\Local\openvr\openvrpaths.vrpath
1617341025388	Marionette	INFO	Enabled via --marionette
Unable to read VR Path Registry from C:\Users\DELL\AppData\Local\openvr\openvrpaths.vrpath
Unable to read VR Path Registry from C:\Users\DELL\AppData\Local\openvr\openvrpaths.vrpath
Unable to read VR Path Registry from C:\Users\DELL\AppData\Local\openvr\openvrpaths.vrpath
Unable to read VR Path Registry from C:\Users\DELL\AppData\Local\openvr\openvrpaths.vrpath
[Child 3852] WARNING: pipe error: 109: file z:/build/build/src/ipc/chromium/src/chrome/common/ipc_channel_win.cc, line 346
[Child 3852] WARNING: pipe erro1617341027003	Marionette	INFO	Listening on port 5979
1617341027303	Marionette	WARN	TLS certificate errors will be ignored for this session
1617341027342	Marionette	DEBUG	Register listener.js for window 4294967297
1617341027364	Marionette	DEBUG	Received DOM event "beforeunload" for "about:blank"
1617341029868	Marionette	DEBUG	Received DOM event "pagehide" for "about:blank"
1617341029868	Marionette	DEBUG	Received DOM event "unload" for "about:blank"
1617341029874	Marionette	DEBUG	Received DOM event "DOMContentLoaded" for "http://localhost:8000/"
1617341029958	Marionette	DEBUG	Received DOM event "pageshow" for "http://localhost:8000/"
1617341079844	addons.productaddons	WARN	Failed downloading via XHR, status: 0, reason: error
[Parent 16156] WARNING: pipe error: 109: file z:/build/build/src/ipc/chromium/src/chrome/common/ipc_channel_win.cc, line 346
[Parent 16156] WARNING: pipe error: 109: file z:/build/build/src/ipc/chromium/src/chrome/common/ipc_channel_win.cc, line 346
[Child 2460] WARNING: pipe error: 109: file z:/build/build/src/ipc/chromium/src/chrome/common/ipc_channel_win.cc, line 346
[Child 2460] WARNING: pipe error: 109: file [Child 28264] WARNING: pipe error: 109: file z:/build/build/src/ipc/chromium/src/chrome/common/ipc_channel_win.cc, line 346
[Child 28264] WARNING: pipe error: 109: file z:/build/build/src/ipc/chromium/src/chrome/common/ipc_channel_win.cc, line 346
[GPU 30820] WARNING: pipe error: 109: fil
###!!! [Child][MessageChannel::SendAndWait] Error: Channel error: cannot send/recv

1617342812127	geckodriver	INFO	geckodriver 0.20.1
1617342812139	geckodriver	INFO	Listening on 127.0.0.1:1307
1617342815176	mozrunner::runner	INFO	Running command: "C:\\Program Files\\Mozilla Firefox\\firefox.exe" "-marionette" "-profile" "C:\\Users\\DELL\\AppData\\Local\\Temp\\rust_mozprofile.cP7n5mgcO62e"
1617342815529	addons.xpi	WARN	Error parsing extensions state: [Exception... "Component returned failure code: 0x80520012 (NS_ERROR_FILE_NOT_FOUND) [amIAddonManagerStartup.readStartupData]"  nsresult: "0x80520012 (NS_ERROR_FILE_NOT_FOUND)"  location: "JS frame :: resource://gre/modules/addons/XPIProvider.jsm :: loadExtensionState :: line 1554"  data: no] Stack trace: loadExtensionState()@resource://gre/modules/addons/XPIProvider.jsm:1554 < getInstallState()@resource://gre/modules/addons/XPIProvider.jsm:1589 < checkForChanges()@resource://gre/modules/addons/XPIProvider.jsm:3109 < startup()@resource://gre/modules/addons/XPIProvider.jsm:2188 < callProvider()@resource://gre/modules/AddonManager.jsm:269 < _startProvider()@resource://gre/modules/AddonManager.jsm:739 < startup()@resource://gre/modules/AddonManager.jsm:906 < startup()@resource://gre/modules/AddonManager.jsm:3090 < observe()@jar:file:///C:/Program%20Files/Mozilla%20Firefox/omni.ja!/components/addonManager.js:65
Unable to read VR Path Registry from C:\Users\DELL\AppData\Local\openvr\openvrpaths.vrpath
1617342816001	Marionette	INFO	Enabled via --marionette
Unable to read VR Path Registry from C:\Users\DELL\AppData\Local\openvr\openvrpaths.vrpath
Unable to read VR Path Registry from C:\Users\DELL\AppData\Local\openvr\openvrpaths.vrpath
Unable to read VR Path Registry from C:\Users\DELL\AppData\Local\openvr\openvrpaths.vrpath
Unable to read VR Path Registry from C:\Users\DELL\AppData\Local\openvr\openvrpaths.vrpath
[Parent 22072] WARNING: pipe error: 109: file z:/build/build/src/ipc/chromium/src/chrome/common/ipc_channel_win.cc, line 346
[Child 21532] WARNING: pipe error: 109: file z:/build/build/src/ipc/chromium/src/chrome/common/ipc_channel_win.cc, line 346
[Child 21532] WARNING: pipe err1617342817571	Marionette	INFO	Listening on port 1315
1617342817702	Marionette	WARN	TLS certificate errors will be ignored for this session
1617342817733	Marionette	DEBUG	Register listener.js for window 6442450945
1617342817762	Marionette	DEBUG	Received DOM event "beforeunload" for "about:blank"
1617342820578	Marionette	DEBUG	Received DOM event "pagehide" for "about:blank"
1617342820578	Marionette	DEBUG	Received DOM event "unload" for "about:blank"
1617342820583	Marionette	DEBUG	Received DOM event "DOMContentLoaded" for "http://localhost:8000/"
1617342820677	Marionette	DEBUG	Received DOM event "pageshow" for "http://localhost:8000/"
1617342870148	addons.productaddons	WARN	Failed downloading via XHR, status: 0, reason: error
[GFX1-]: Unrecognized feature WEBRENDER
[Parent 22072] WARNING: pipe error: 109: file z:/build/build/src/ipc/chromium/src/chrome/common/ipc_channel_win.cc, line 346
[Parent 22072] WARNING: pipe error: 109: file z:/build/build/src/ipc/chromium/src/chrome/common/ipc_channel_win.cc, line 346
[Child 12404] WARNING: pipe error: 109: file z:/build/build/src/ipc/chromium/src/chrome/common/ipc_channel_win.cc, line 346
[Child 12404] WARNING: pipe error: 109: file z:/build/build/src/ipc/chromi[Child 808] WARNING: pipe error: 109: file z:/build/build/src/ipc/chromium/src/chrome/common/ipc_channel_win.cc, line 346
[Child 808] WARNING: pipe error: 109: file z:/build/build/src/ipc/chr[GPU 28652] WARNING: pipe error: 109: file z:/build/build/src/ipc/chromium/src/chrome/c
###!!! [Child][MessageChannel::SendAndWait] Error: Channel error: cannot send/recv

9 < checkForChanges()@resource://gre/modules/addons/XPIProvider.jsm:3109 < startup()@resource://gre/modules/addons/XPIProvider.jsm:2188 < callProvider()@resource://gre/modules/AddonManager.jsm:269 < _startProvider()@resource://gre/modules/AddonManager.jsm:739 < startup()@resource://gre/modules/AddonManager.jsm:906 < startup()@resource://gre/modules/AddonManager.jsm:3090 < observe()@jar:file:///C:/Program%20Files/Mozilla%20Firefox/omni.ja!/components/addonManager.js:65
Unable to read VR Path Registry from C:\Users\DELL\AppData\Local\openvr\openvrpaths.vrpath
1617343540546	Marionette	INFO	Enabled via --marionette
Unable to read VR Path Registry from C:\Users\DELL\AppData\Local\openvr\openvrpaths.vrpath
Unable to read VR Path Registry from C:\Users\DELL\AppData\Local\openvr\openvrpaths.vrpath
Unable to read VR Path Registry from C:\Users\DELL\AppData\Local\openvr\openvrpaths.vrpath
Unable to read VR Path Registry from C:\Users\DELL\AppData\Local\openvr\openvrpaths.vrpath
[Parent 3116] WARNING: pipe error: 109: file z:/build/build/src/ipc/chromium/src/chrome/common/ipc_channel_win.cc, line 346
[Child 7244] WARNING: pipe error: 109: file z:/build/build/src/ipc/chromium/src/chrome/common/ipc_channel_win.cc, line 346
[Child 7244] WARNING: pipe er1617343542270	Marionette	INFO	Listening on port 9141
1617343542687	Marionette	WARN	TLS certificate errors will be ignored for this session
1617343542716	Marionette	DEBUG	Register listener.js for window 6442450945
1617343542737	Marionette	DEBUG	Received DOM event "beforeunload" for "about:blank"
1617343545098	Marionette	DEBUG	Received DOM event "pagehide" for "about:blank"
1617343545098	Marionette	DEBUG	Received DOM event "unload" for "about:blank"
1617343545103	Marionette	DEBUG	Received DOM event "DOMContentLoaded" for "http://localhost:8000/"
1617343545149	Marionette	DEBUG	Received DOM event "pageshow" for "http://localhost:8000/"
1617343545168	Marionette	INFO	New connections will no longer be accepted
[Parent 3116] WARNING: pipe error: 109: file z:/build/build/src/ipc/chromium/src/chrome/common/ipc_channel_win.cc, line 346
[Child 23660] WARNING: pipe error: 109: file z:/build/build/src/ipc/chromium/src/chrome/common/ipc_channel_win.cc, line 346
[Child 23660] WARNING: pipe error[Parent 3116] WARNING: pipe error: 109: file z:/build/build/src/ipc/chromium/src/chrome/common/ipc_channel_win.cc, line 346
[Child 24012] WARNING: pipe error: 109: file z:/build/build/src/ipc/chromium/src/chrome/common/ipc_channel_win.cc, line 346
[Child 24012] WARNING: pipe error: 1617343545244	addons.productaddons	WARN	Failed downloading XML, status: 0, reason: error
*** UTM:SVC TimerManager:registerTimer called after profile-before-change notification. Ignoring timer registration for id: telemetry_modules_ping
[GPU 30528] WARNING: pipe error: 109: file z:/build/
###!!! [Child][MessageChannel::SendAndWait] Error: Channel error: cannot send/recv

1617948343975	geckodriver	INFO	geckodriver 0.20.1
1617948343993	geckodriver	INFO	Listening on 127.0.0.1:10555
1617948346570	mozrunner::runner	INFO	Running command: "C:\\Program Files\\Mozilla Firefox\\firefox.exe" "-marionette" "-profile" "C:\\Users\\DELL\\AppData\\Local\\Temp\\rust_mozprofile.HkLwBUywOA6x"
1617948347206	addons.xpi	WARN	Error parsing extensions state: [Exception... "Component returned failure code: 0x80520012 (NS_ERROR_FILE_NOT_FOUND) [amIAddonManagerStartup.readStartupData]"  nsresult: "0x80520012 (NS_ERROR_FILE_NOT_FOUND)"  location: "JS frame :: resource://gre/modules/addons/XPIProvider.jsm :: loadExtensionState :: line 1554"  data: no] Stack trace: loadExtensionState()@resource://gre/modules/addons/XPIProvider.jsm:1554 < getInstallState()@resource://gre/modules/addons/XPIProvider.jsm:1589 < checkForChanges()@resource://gre/modules/addons/XPIProvider.jsm:3109 < startup()@resource://gre/modules/addons/XPIProvider.jsm:2188 < callProvider()@resource://gre/modules/AddonManager.jsm:269 < _startProvider()@resource://gre/modules/AddonManager.jsm:739 < startup()@resource://gre/modules/AddonManager.jsm:906 < startup()@resource://gre/modules/AddonManager.jsm:3090 < observe()@jar:file:///C:/Program%20Files/Mozilla%20Firefox/omni.ja!/components/addonManager.js:65
Unable to read VR Path Registry from C:\Users\DELL\AppData\Local\openvr\openvrpaths.vrpath
1617948347746	Marionette	INFO	Enabled via --marionette
Unable to read VR Path Registry from C:\Users\DELL\AppData\Local\openvr\openvrpaths.vrpath
Unable to read VR Path Registry from C:\Users\DELL\AppData\Local\openvr\openvrpaths.vrpath
Unable to read VR Path Registry from C:\Users\DELL\AppData\Local\openvr\openvrpaths.vrpath
Unable to read VR Path Registry from C:\Users\DELL\AppData\Local\openvr\openvrpaths.vrpath
[Parent 11792] WARNING: pipe error: 109: file z:/build/build/src/ipc/chromium/src/chrome/common/ipc_channel_win.cc, line 346
[Child 24880] WARNING: pipe error: 109: file z:/build/build/src/ipc/chromium/src/chrome/common/ipc_channel_win.cc, line 346
[Child 24880] WARNING: pipe error: 109: file z:/build/bui1617948349302	Marionette	INFO	Listening on port 10565
1617948349590	Marionette	WARN	TLS certificate errors will be ignored for this session
1617948349634	Marionette	DEBUG	Register listener.js for window 6442450945
1617948349664	Marionette	DEBUG	Received DOM event "beforeunload" for "about:blank"
1617948352711	Marionette	DEBUG	Received DOM event "pagehide" for "about:blank"
1617948352711	Marionette	DEBUG	Received DOM event "unload" for "about:blank"
1617948352716	Marionette	DEBUG	Received DOM event "DOMContentLoaded" for "http://localhost:8000/"
1617948352718	Marionette	DEBUG	Received DOM event "pageshow" for "http://localhost:8000/"
1617948352763	Marionette	INFO	New connections will no longer be accepted
[Parent 11792] WARNING: pipe error: 109: file z:/build/build/src/ipc/chromium/src/chrome/common/ipc_channel_win.cc, line 346
[Child 22684] WARNING: pipe error: 109: file z:/build/build/src/ipc/chromium/src/chrome/common/ipc_channel_win.cc, line 346
[Child 22684] WARNING: pipe error: 109: file z:/build/build/src/ipc/chromium/src/chrome[Parent 11792] WARNING: pipe error: 109: file z:/build/build/src/ipc/chromium/src/chrome/common/ipc_channel_win.cc, line 346
[Child 21364] WARNING: pipe error: 109: file z:/build/build/src/ipc/chromium/src/chrome/common/ipc_channel_win.cc, line 346
[Child 21364] WARNING: pipe 1617948352874	addons.productaddons	WARN	Failed downloading XML, status: 0, reason: error
*** UTM:SVC TimerManager:registerTimer called after profile-before-change notification. Ignoring timer registration for id: telemetry_modules_ping
[GPU 15852] WARNING: pipe error: 109: file z:/bu
###!!! [Child][MessageChannel::SendAndWait] Error: Channel error: cannot send/recv

1617948391104	geckodriver	INFO	geckodriver 0.20.1
1617948391116	geckodriver	INFO	Listening on 127.0.0.1:10597
1617948394136	mozrunner::runner	INFO	Running command: "C:\\Program Files\\Mozilla Firefox\\firefox.exe" "-marionette" "-profile" "C:\\Users\\DELL\\AppData\\Local\\Temp\\rust_mozprofile.1SfE88z2y6IQ"
1617948394424	addons.xpi	WARN	Error parsing extensions state: [Exception... "Component returned failure code: 0x80520012 (NS_ERROR_FILE_NOT_FOUND) [amIAddonManagerStartup.readStartupData]"  nsresult: "0x80520012 (NS_ERROR_FILE_NOT_FOUND)"  location: "JS frame :: resource://gre/modules/addons/XPIProvider.jsm :: loadExtensionState :: line 1554"  data: no] Stack trace: loadExtensionState()@resource://gre/modules/addons/XPIProvider.jsm:1554 < getInstallState()@resource://gre/modules/addons/XPIProvider.jsm:1589 < checkForChanges()@resource://gre/modules/addons/XPIProvider.jsm:3109 < startup()@resource://gre/modules/addons/XPIProvider.jsm:2188 < callProvider()@resource://gre/modules/AddonManager.jsm:269 < _startProvider()@resource://gre/modules/AddonManager.jsm:739 < startup()@resource://gre/modules/AddonManager.jsm:906 < startup()@resource://gre/modules/AddonManager.jsm:3090 < observe()@jar:file:///C:/Program%20Files/Mozilla%20Firefox/omni.ja!/components/addonManager.js:65
Unable to read VR Path Registry from C:\Users\DELL\AppData\Local\openvr\openvrpaths.vrpath
1617948394874	Marionette	INFO	Enabled via --marionette
Unable to read VR Path Registry from C:\Users\DELL\AppData\Local\openvr\openvrpaths.vrpath
Unable to read VR Path Registry from C:\Users\DELL\AppData\Local\openvr\openvrpaths.vrpath
Unable to read VR Path Registry from C:\Users\DELL\AppData\Local\openvr\openvrpaths.vrpath
Unable to read VR Path Registry from C:\Users\DELL\AppData\Local\openvr\openvrpaths.vrpath
[Parent 2860] WARNING: pipe error: 109: file z:/build/build/src/ipc/chromium/src/chrome/common/ipc_channel_win.cc, line 346
[Child 26528] WARNING: pipe error: 109: file z:/build/build/src/ipc/chromium/src/chrome/common/ipc_channel_win.cc, line 346
[Child 26528] WARNING: pipe error: 1091617948396265	Marionette	INFO	Listening on port 10605
1617948396665	Marionette	WARN	TLS certificate errors will be ignored for this session
1617948396699	Marionette	DEBUG	Register listener.js for window 6442450945
1617948396724	Marionette	DEBUG	Received DOM event "beforeunload" for "about:blank"
1617948399360	Marionette	DEBUG	Received DOM event "pagehide" for "about:blank"
1617948399360	Marionette	DEBUG	Received DOM event "unload" for "about:blank"
1617948399364	Marionette	DEBUG	Received DOM event "DOMContentLoaded" for "http://localhost:8000/"
1617948399366	Marionette	DEBUG	Received DOM event "pageshow" for "http://localhost:8000/"
1617948399401	Marionette	INFO	New connections will no longer be accepted
[Child 19360] WARNING: pipe error: 109: file z:/build/build/src/ipc/chromium/src/chrome/common/ipc_channel_win.cc, line 346
[Child 19360] WARNING: pipe error: [Child 4024] WARNING: pipe error: 109: file z:/build/build/src/ipc/chromium/src/chrome/common/ipc_channel_win.cc, line 346
[Child 4024] WARNING: pipe error: 11617948399514	addons.productaddons	WARN	Failed downloading XML, status: 0, reason: error
*** UTM:SVC TimerManager:registerTimer called after profile-before-change notification. Ignoring timer registration for id: telemetry_modules_ping
[GPU 3336] WARNING: pipe error
###!!! [Child][MessageChannel::SendAndWait] Error: Channel error: cannot send/recv

1618550361582	geckodriver	INFO	geckodriver 0.20.1
1618550361608	geckodriver	INFO	Listening on 127.0.0.1:13748
1618550364209	mozrunner::runner	INFO	Running command: "C:\\Program Files\\Mozilla Firefox\\firefox.exe" "-marionette" "-profile" "C:\\Users\\DELL\\AppData\\Local\\Temp\\rust_mozprofile.xNwwvwzgd8pn"
1618550364833	addons.xpi	WARN	Error parsing extensions state: [Exception... "Component returned failure code: 0x80520012 (NS_ERROR_FILE_NOT_FOUND) [amIAddonManagerStartup.readStartupData]"  nsresult: "0x80520012 (NS_ERROR_FILE_NOT_FOUND)"  location: "JS frame :: resource://gre/modules/addons/XPIProvider.jsm :: loadExtensionState :: line 1554"  data: no] Stack trace: loadExtensionState()@resource://gre/modules/addons/XPIProvider.jsm:1554 < getInstallState()@resource://gre/modules/addons/XPIProvider.jsm:1589 < checkForChanges()@resource://gre/modules/addons/XPIProvider.jsm:3109 < startup()@resource://gre/modules/addons/XPIProvider.jsm:2188 < callProvider()@resource://gre/modules/AddonManager.jsm:269 < _startProvider()@resource://gre/modules/AddonManager.jsm:739 < startup()@resource://gre/modules/AddonManager.jsm:906 < startup()@resource://gre/modules/AddonManager.jsm:3090 < observe()@jar:file:///C:/Program%20Files/Mozilla%20Firefox/omni.ja!/components/addonManager.js:65
Unable to read VR Path Registry from C:\Users\DELL\AppData\Local\openvr\openvrpaths.vrpath
1618550365303	Marionette	INFO	Enabled via --marionette
Unable to read VR Path Registry from C:\Users\DELL\AppData\Local\openvr\openvrpaths.vrpath
Unable to read VR Path Registry from C:\Users\DELL\AppData\Local\openvr\openvrpaths.vrpath
Unable to read VR Path Registry from C:\Users\DELL\AppData\Local\openvr\openvrpaths.vrpath
Unable to read VR Path Registry from C:\Users\DELL\AppData\Local\openvr\openvrpaths.vrpath
[Parent 16908] WARNING: pipe error: 109: file z:/build/build/src/ipc/chromium/src/chrome/common/ipc_channel_win.cc, line 346
[Child 12516] WARNING: pipe error: 109: file z:/build/build/src/ipc/chromium/src/chrome/common/ipc_channel_win.cc, line 346
[Child 12516] WARNING: pipe error: 109: file1618550366871	Marionette	INFO	Listening on port 13756
1618550367235	Marionette	WARN	TLS certificate errors will be ignored for this session
1618550367284	Marionette	DEBUG	Register listener.js for window 6442450945
1618550367303	Marionette	DEBUG	Received DOM event "beforeunload" for "about:blank"
1618550369892	Marionette	DEBUG	Received DOM event "pagehide" for "about:blank"
1618550369892	Marionette	DEBUG	Received DOM event "unload" for "about:blank"
1618550369902	Marionette	DEBUG	Received DOM event "DOMContentLoaded" for "http://localhost:8000/"
1618550369904	Marionette	DEBUG	Received DOM event "pageshow" for "http://localhost:8000/"
1618550369971	Marionette	INFO	New connections will no longer be accepted
[Child 20216] WARNING: pipe error: 109: file z:/build/build/src/ipc/chromium/src/chrome/common/ipc_channel_win.cc, line 346
[Child 20216] WARNING: pipe er[Parent 16908] WARNING: pipe error: 109: file z:/build/build/src/ipc/chromium/src/chrome/common/ipc_channel_win.cc, line 346
[Child 12620] WARNING: pipe error: 109: file z:/build/build/src/ipc/chromium/src/chrome/common/ipc_channel_win.cc, line 346
[Child 12620] WARNING: pipe 1618550370092	addons.productaddons	WARN	Failed downloading XML, status: 0, reason: error
*** UTM:SVC TimerManager:registerTimer called after profile-before-change notification. Ignoring timer registration for id: telemetry_modules_ping
[GPU 2816] WARNING: pipe error: 109: file z:/build/build/src/ipc/chromium/src/chrome/common/
###!!! [Child][MessageChannel::SendAndWait] Error: Channel error: cannot send/recv

1618550933004	geckodriver	INFO	geckodriver 0.20.1
1618550933016	geckodriver	INFO	Listening on 127.0.0.1:13846
1618550936063	mozrunner::runner	INFO	Running command: "C:\\Program Files\\Mozilla Firefox\\firefox.exe" "-marionette" "-profile" "C:\\Users\\DELL\\AppData\\Local\\Temp\\rust_mozprofile.8wSg0vZq7gtg"
1618550936282	addons.xpi	WARN	Error parsing extensions state: [Exception... "Component returned failure code: 0x80520012 (NS_ERROR_FILE_NOT_FOUND) [amIAddonManagerStartup.readStartupData]"  nsresult: "0x80520012 (NS_ERROR_FILE_NOT_FOUND)"  location: "JS frame :: resource://gre/modules/addons/XPIProvider.jsm :: loadExtensionState :: line 1554"  data: no] Stack trace: loadExtensionState()@resource://gre/modules/addons/XPIProvider.jsm:1554 < getInstallState()@resource://gre/modules/addons/XPIProvider.jsm:1589 < checkForChanges()@resource://gre/modules/addons/XPIProvider.jsm:3109 < startup()@resource://gre/modules/addons/XPIProvider.jsm:2188 < callProvider()@resource://gre/modules/AddonManager.jsm:269 < _startProvider()@resource://gre/modules/AddonManager.jsm:739 < startup()@resource://gre/modules/AddonManager.jsm:906 < startup()@resource://gre/modules/AddonManager.jsm:3090 < observe()@jar:file:///C:/Program%20Files/Mozilla%20Firefox/omni.ja!/components/addonManager.js:65
Unable to read VR Path Registry from C:\Users\DELL\AppData\Local\openvr\openvrpaths.vrpath
1618550936694	Marionette	INFO	Enabled via --marionette
Unable to read VR Path Registry from C:\Users\DELL\AppData\Local\openvr\openvrpaths.vrpath
Unable to read VR Path Registry from C:\Users\DELL\AppData\Local\openvr\openvrpaths.vrpath
Unable to read VR Path Registry from C:\Users\DELL\AppData\Local\openvr\openvrpaths.vrpath
Unable to read VR Path Registry from C:\Users\DELL\AppData\Local\openvr\openvrpaths.vrpath
[Parent 2956] WARNING: pipe error: 109: file z:/build/build/src/ipc/chromium/src/chrome/common/ipc_channel_win.cc, line 346
[Child 17160] WARNING: pipe error: 109: file z:/build/build/src/ipc/chromium/src/chrome/common/ipc_channel_win.cc, line 346
[Child 17160] WARNING: pipe error: 109: file z:/build/build/src/ipc/chr1618550938380	Marionette	INFO	Listening on port 13854
1618550938586	Marionette	WARN	TLS certificate errors will be ignored for this session
1618550938618	Marionette	DEBUG	Register listener.js for window 6442450945
1618550938649	Marionette	DEBUG	Received DOM event "beforeunload" for "about:blank"
1618550941264	Marionette	DEBUG	Received DOM event "pagehide" for "about:blank"
1618550941264	Marionette	DEBUG	Received DOM event "unload" for "about:blank"
1618550941270	Marionette	DEBUG	Received DOM event "DOMContentLoaded" for "http://localhost:8000/"
1618550941272	Marionette	DEBUG	Received DOM event "pageshow" for "http://localhost:8000/"
1618550941325	Marionette	INFO	New connections will no longer be accepted
[Parent 2956] WARNING: pipe error: 109: file z:/build/build/src/ipc/chromium/src/chrome/common/ipc_channel_win.cc, line 346
[Child 14600] WARNING: pipe error: 109: file z:/build/build/src/ipc/chromium/src/chrome/common/ipc_channel_win.cc, line 346
[Child 14600] WARNING: pipe error: 109: file z:/build/bui[Parent 2956] WARNING: pipe error: 109: file z:/build/build/src/ipc/chromium/src/chrome/common/ipc_channel_win.cc, line 346
[Child 16060] WARNING: pipe error: 109: file z:/build/build/src/ipc/chromium/src/chrome/common/ipc_channel_win.cc, line 346
[Child 16060] WARNING: pipe error: 1091618550941428	addons.productaddons	WARN	Failed downloading XML, status: 0, reason: error
*** UTM:SVC TimerManager:registerTimer called after profile-before-change notification. Ignoring timer registration for id: telemetry_modules_ping
[GPU 13900] WARNING: pipe error: 109: file z:/build/build/src/ipc/chromium/src/chrome/common/
###!!! [Child][MessageChannel::SendAndWait] Error: Channel error: cannot send/recv

1618552473401	geckodriver	INFO	geckodriver 0.20.1
1618552473413	geckodriver	INFO	Listening on 127.0.0.1:6148
1618552476451	mozrunner::runner	INFO	Running command: "C:\\Program Files\\Mozilla Firefox\\firefox.exe" "-marionette" "-profile" "C:\\Users\\DELL\\AppData\\Local\\Temp\\rust_mozprofile.O6fgU70Tb5lu"
1618552477123	addons.xpi	WARN	Error parsing extensions state: [Exception... "Component returned failure code: 0x80520012 (NS_ERROR_FILE_NOT_FOUND) [amIAddonManagerStartup.readStartupData]"  nsresult: "0x80520012 (NS_ERROR_FILE_NOT_FOUND)"  location: "JS frame :: resource://gre/modules/addons/XPIProvider.jsm :: loadExtensionState :: line 1554"  data: no] Stack trace: loadExtensionState()@resource://gre/modules/addons/XPIProvider.jsm:1554 < getInstallState()@resource://gre/modules/addons/XPIProvider.jsm:1589 < checkForChanges()@resource://gre/modules/addons/XPIProvider.jsm:3109 < startup()@resource://gre/modules/addons/XPIProvider.jsm:2188 < callProvider()@resource://gre/modules/AddonManager.jsm:269 < _startProvider()@resource://gre/modules/AddonManager.jsm:739 < startup()@resource://gre/modules/AddonManager.jsm:906 < startup()@resource://gre/modules/AddonManager.jsm:3090 < observe()@jar:file:///C:/Program%20Files/Mozilla%20Firefox/omni.ja!/components/addonManager.js:65
Unable to read VR Path Registry from C:\Users\DELL\AppData\Local\openvr\openvrpaths.vrpath
1618552477523	Marionette	INFO	Enabled via --marionette
Unable to read VR Path Registry from C:\Users\DELL\AppData\Local\openvr\openvrpaths.vrpath
Unable to read VR Path Registry from C:\Users\DELL\AppData\Local\openvr\openvrpaths.vrpath
[Parent 2412] WARNING: pipe error: 109: file z:/build/build/src/ipc/chromium/src/chrome/common/ipc_channel_win.cc, line 346
[Child 1552] WARNING: pipe error: 109: file z:/build/build/src/ipc/chromium/src/chrome/common/ipc_channel_win.cc, line 346
[Child 1552] WARNING: pipe error: 109: fiUnable to read VR Path Registry from C:\Users\DELL\AppData\Local\openvr\openvrpaths.vrpath
Unable to read VR Path Registry from C:\Users\DELL\AppData\Local\openvr\openvrpaths.vrpath
1618552479173	Marionette	INFO	Listening on port 6156
1618552479488	Marionette	WARN	TLS certificate errors will be ignored for this session
1618552479523	Marionette	DEBUG	Register listener.js for window 4294967297
1618552479550	Marionette	DEBUG	Received DOM event "beforeunload" for "about:blank"
1618552482013	Marionette	DEBUG	Received DOM event "pagehide" for "about:blank"
1618552482014	Marionette	DEBUG	Received DOM event "unload" for "about:blank"
1618552482020	Marionette	DEBUG	Received DOM event "DOMContentLoaded" for "http://localhost:8000/"
1618552482023	Marionette	DEBUG	Received DOM event "pageshow" for "http://localhost:8000/"
1618552482089	Marionette	INFO	New connections will no longer be accepted
[Child 17020] WARNING: pipe error: 109: file z:/build/build/src/ipc/chromium/src/chrome/common/ipc_channel_win.cc, line 346
[Child 17020] WARNING: pipe error[Parent 2412] WARNING: pipe error: 109: file z:/build/build/src/ipc/chromium/src/chrome/common/ipc_channel_win.cc, line 346
[Child 2324] WARNING: pipe error: 109: file z:/build/build/src/ipc/chromium/src/chrome/common/ipc_channel_win.cc, line 346
[Child 2324] WARNING: pipe error: 109: file z:/build/build/src/ipc/chromium/s1618552482204	addons.productaddons	WARN	Failed downloading XML, status: 0, reason: error
*** UTM:SVC TimerManager:registerTimer called after profile-before-change notification. Ignoring timer registration for id: telemetry_modules_ping
[GPU 18836] WARNING: pipe error: 
###!!! [Child][MessageChannel::SendAndWait] Error: Channel error: cannot send/recv

1618552522933	geckodriver	INFO	geckodriver 0.20.1
1618552522945	geckodriver	INFO	Listening on 127.0.0.1:6183
1618552525968	mozrunner::runner	INFO	Running command: "C:\\Program Files\\Mozilla Firefox\\firefox.exe" "-marionette" "-profile" "C:\\Users\\DELL\\AppData\\Local\\Temp\\rust_mozprofile.w6JhVylNrCPL"
1618552526516	addons.xpi	WARN	Error parsing extensions state: [Exception... "Component returned failure code: 0x80520012 (NS_ERROR_FILE_NOT_FOUND) [amIAddonManagerStartup.readStartupData]"  nsresult: "0x80520012 (NS_ERROR_FILE_NOT_FOUND)"  location: "JS frame :: resource://gre/modules/addons/XPIProvider.jsm :: loadExtensionState :: line 1554"  data: no] Stack trace: loadExtensionState()@resource://gre/modules/addons/XPIProvider.jsm:1554 < getInstallState()@resource://gre/modules/addons/XPIProvider.jsm:1589 < checkForChanges()@resource://gre/modules/addons/XPIProvider.jsm:3109 < startup()@resource://gre/modules/addons/XPIProvider.jsm:2188 < callProvider()@resource://gre/modules/AddonManager.jsm:269 < _startProvider()@resource://gre/modules/AddonManager.jsm:739 < startup()@resource://gre/modules/AddonManager.jsm:906 < startup()@resource://gre/modules/AddonManager.jsm:3090 < observe()@jar:file:///C:/Program%20Files/Mozilla%20Firefox/omni.ja!/components/addonManager.js:65
Unable to read VR Path Registry from C:\Users\DELL\AppData\Local\openvr\openvrpaths.vrpath
1618552526974	Marionette	INFO	Enabled via --marionette
Unable to read VR Path Registry from C:\Users\DELL\AppData\Local\openvr\openvrpaths.vrpath
Unable to read VR Path Registry from C:\Users\DELL\AppData\Local\openvr\openvrpaths.vrpath
Unable to read VR Path Registry from C:\Users\DELL\AppData\Local\openvr\openvrpaths.vrpath
Unable to read VR Path Registry from C:\Users\DELL\AppData\Local\openvr\openvrpaths.vrpath
1618552528529	Marionette	INFO	Listening on port 6193
1618552528988	Marionette	WARN	TLS certificate errors will be ignored for this session
1618552529019	Marionette	DEBUG	Register listener.js for window 4294967297
1618552529047	Marionette	DEBUG	Received DOM event "beforeunload" for "about:blank"
1618552531514	Marionette	DEBUG	Received DOM event "pagehide" for "about:blank"
1618552531515	Marionette	DEBUG	Received DOM event "unload" for "about:blank"
1618552531518	Marionette	DEBUG	Received DOM event "DOMContentLoaded" for "http://localhost:8000/"
1618552531520	Marionette	DEBUG	Received DOM event "pageshow" for "http://localhost:8000/"
1618552531555	Marionette	INFO	New connections will no longer be accepted
[Parent 18364] WARNING: pipe error: 109: file z:/build/build/src/ipc/chromium/src/chrome/common/ipc_channel_win.cc, line 346
[Child 14700] WARNING: pipe error: 109: file z:/build/build/src/ipc/chromium/src/chrome/common/ipc_channel_win.cc, line 346
[Child 14700] WARNING: pipe error: 109: file z:/build/build/src/ipc/chromium/src/chrome/common/ipc_channel_win.cc, line 34[Parent 18364] WARNING: pipe error: 109: file z:/build/build/src/ipc/chromium/src/chrome/common/ipc_channel_win.cc, line 346
[Child 10932] WARNING: pipe error: 109: file z:/build/build/src/ipc/chromium/src/chrome/common/ipc_channel_win.cc, line 346
[Child 10932] WARNING: pipe error: 109: file z:/build/build/src/ipc/chromiu1618552531643	addons.productaddons	WARN	Failed downloading XML, status: 0, reason: error
*** UTM:SVC TimerManager:registerTimer called after profile-before-change notification. Ignoring timer registration for id: telemetry_modules_ping
[GPU 17292] WARNING: pipe error: 109: file z
###!!! [Child][MessageChannel::SendAndWait] Error: Channel error: cannot send/recv

1619155190958	geckodriver	INFO	geckodriver 0.20.1
1619155190987	geckodriver	INFO	Listening on 127.0.0.1:2433
1619155193755	mozrunner::runner	INFO	Running command: "C:\\Program Files\\Mozilla Firefox\\firefox.exe" "-marionette" "-profile" "C:\\Users\\DELL\\AppData\\Local\\Temp\\rust_mozprofile.lZ1oCiL9LjcR"
1619155194433	addons.xpi	WARN	Error parsing extensions state: [Exception... "Component returned failure code: 0x80520012 (NS_ERROR_FILE_NOT_FOUND) [amIAddonManagerStartup.readStartupData]"  nsresult: "0x80520012 (NS_ERROR_FILE_NOT_FOUND)"  location: "JS frame :: resource://gre/modules/addons/XPIProvider.jsm :: loadExtensionState :: line 1554"  data: no] Stack trace: loadExtensionState()@resource://gre/modules/addons/XPIProvider.jsm:1554 < getInstallState()@resource://gre/modules/addons/XPIProvider.jsm:1589 < checkForChanges()@resource://gre/modules/addons/XPIProvider.jsm:3109 < startup()@resource://gre/modules/addons/XPIProvider.jsm:2188 < callProvider()@resource://gre/modules/AddonManager.jsm:269 < _startProvider()@resource://gre/modules/AddonManager.jsm:739 < startup()@resource://gre/modules/AddonManager.jsm:906 < startup()@resource://gre/modules/AddonManager.jsm:3090 < observe()@jar:file:///C:/Program%20Files/Mozilla%20Firefox/omni.ja!/components/addonManager.js:65
Unable to read VR Path Registry from C:\Users\DELL\AppData\Local\openvr\openvrpaths.vrpath
1619155194894	Marionette	INFO	Enabled via --marionette
Unable to read VR Path Registry from C:\Users\DELL\AppData\Local\openvr\openvrpaths.vrpath
Unable to read VR Path Registry from C:\Users\DELL\AppData\Local\openvr\openvrpaths.vrpath
Unable to read VR Path Registry from C:\Users\DELL\AppData\Local\openvr\openvrpaths.vrpath
Unable to read VR Path Registry from C:\Users\DELL\AppData\Local\openvr\openvrpaths.vrpath
[Child 8808] WARNING: pipe error: 109: file z:/build/build/src/ipc/chromium/src/chrome/common/ipc_channel_win.cc, line 346
[Child 8808] WARNING: pipe error: 109: file z:/build/build/src/ipc/chromium/src/chrome/common/ipc_channel_win.cc, line 346
1619155196436	Marionette	INFO	Listening on port 2441
1619155196833	Marionette	WARN	TLS certificate errors will be ignored for this session
1619155196871	Marionette	DEBUG	Register listener.js for window 6442450945
1619155196900	Marionette	DEBUG	Received DOM event "beforeunload" for "about:blank"
1619155199475	Marionette	DEBUG	Received DOM event "pagehide" for "about:blank"
1619155199475	Marionette	DEBUG	Received DOM event "unload" for "about:blank"
1619155199493	Marionette	DEBUG	Received DOM event "DOMContentLoaded" for "http://localhost:8000/"
1619155199494	Marionette	DEBUG	Received DOM event "pageshow" for "http://localhost:8000/"
1619155199676	Marionette	INFO	New connections will no longer be accepted
[Child 18576] WARNING: pipe error: 109: file z:/build/build/src/ipc/chromium/src/chrome/common/ipc_channel_win.cc, line 346
[Child 18576] WARNING: pipe error: 109: file z:/build/build/src/ipc/chromium/src/chrome/common/ipc_channel_win.cc, line 346
1619155199780	addons.productaddons	WARN	Failed downloading XML, status: 0, reason: error
IPDL protocol error: Handler returned error code!

###!!! [Parent][DispatchAsyncMessage] Error: PLayerTransaction::Msg_ReleaseLayer Processing error: message was deserialized, but the handler returned false (indicating failure)

IPDL protocol error: Handler returned error code!

###!!! [Parent][DispatchAsyncMessage] Error: PLayerTransaction::Msg_ReleaseLayer Processing error: message was deserialized, but the handler returned false (indicating failure)

IPDL protocol error: Handler returned error code!

###!!! [Parent][DispatchAsyncMessage] Error: PLayerTransaction::Msg_ReleaseLayer Processing error: message was deserialized, but the handler returned false (indicating failure)

IPDL protocol error: Handler returned error code!

###!!! [Parent][DispatchAsyncMessage] Error: PLayerTransaction::Msg_ReleaseLayer Processing error: message was deserialized, but the handler returned false (indicating failure)

[Parent 21356] WARNING: pipe error: 109: file z:/build/build/src/ipc/chromium/src/chrome/common/ipc_channel_win.cc, line 346
[Child 132] WARNING: pipe error: 109: file z:/build/build/src/ipc/chromium/src/chrome/common/ipc_channel_win.cc, line 346
*** UTM:SVC TimerManager:registerTimer called after profile-before-change notification. Ignoring timer registration for id: telemetry_modules_ping
[GPU 19264] WARNING: pipe error: 109: file z:/build/build/src/ipc/chromium/src/chrome/common/ipc_channel_win.cc, line 346

###!!! [Child][MessageChannel::SendAndWait] Error: Channel error: cannot send/recv

1619155243694	geckodriver	INFO	geckodriver 0.20.1
1619155243704	geckodriver	INFO	Listening on 127.0.0.1:2481
1619155246804	mozrunner::runner	INFO	Running command: "C:\\Program Files\\Mozilla Firefox\\firefox.exe" "-marionette" "-profile" "C:\\Users\\DELL\\AppData\\Local\\Temp\\rust_mozprofile.ugbEBUIuWf3G"
1619155247003	addons.xpi	WARN	Error parsing extensions state: [Exception... "Component returned failure code: 0x80520012 (NS_ERROR_FILE_NOT_FOUND) [amIAddonManagerStartup.readStartupData]"  nsresult: "0x80520012 (NS_ERROR_FILE_NOT_FOUND)"  location: "JS frame :: resource://gre/modules/addons/XPIProvider.jsm :: loadExtensionState :: line 1554"  data: no] Stack trace: loadExtensionState()@resource://gre/modules/addons/XPIProvider.jsm:1554 < getInstallState()@resource://gre/modules/addons/XPIProvider.jsm:1589 < checkForChanges()@resource://gre/modules/addons/XPIProvider.jsm:3109 < startup()@resource://gre/modules/addons/XPIProvider.jsm:2188 < callProvider()@resource://gre/modules/AddonManager.jsm:269 < _startProvider()@resource://gre/modules/AddonManager.jsm:739 < startup()@resource://gre/modules/AddonManager.jsm:906 < startup()@resource://gre/modules/AddonManager.jsm:3090 < observe()@jar:file:///C:/Program%20Files/Mozilla%20Firefox/omni.ja!/components/addonManager.js:65
Unable to read VR Path Registry from C:\Users\DELL\AppData\Local\openvr\openvrpaths.vrpath
1619155247436	Marionette	INFO	Enabled via --marionette
Unable to read VR Path Registry from C:\Users\DELL\AppData\Local\openvr\openvrpaths.vrpath
Unable to read VR Path Registry from C:\Users\DELL\AppData\Local\openvr\openvrpaths.vrpath
Unable to read VR Path Registry from C:\Users\DELL\AppData\Local\openvr\openvrpaths.vrpath
Unable to read VR Path Registry from C:\Users\DELL\AppData\Local\openvr\openvrpaths.vrpath
[Parent 9184] WARNING: pipe error: 109: file z:/build/build/src/ipc/chromium/src/chrome/common/ipc_channel_win.cc, line 346
[Child 6300] WARNING: pipe error: 109: file z:/build/build/src/ipc/chromium/src/chrome/common/ipc_channel_win.cc, line 346
[Child 6300] WARNING: pipe error: 109: file z:/build/build/src/ipc/chromium/src/chrome/common/ipc_channel_win.cc, line 346
1619155248716	Marionette	INFO	Listening on port 2491
1619155248838	Marionette	WARN	TLS certificate errors will be ignored for this session
1619155248874	Marionette	DEBUG	Register listener.js for window 6442450945
1619155248917	Marionette	DEBUG	Received DOM event "beforeunload" for "about:blank"
1619155251964	Marionette	DEBUG	Received DOM event "pagehide" for "about:blank"
1619155251964	Marionette	DEBUG	Received DOM event "unload" for "about:blank"
1619155251968	Marionette	DEBUG	Received DOM event "DOMContentLoaded" for "http://localhost:8000/"
1619155251974	Marionette	DEBUG	Received DOM event "pageshow" for "http://localhost:8000/"
1619155253177	Marionette	INFO	New connections will no longer be accepted
[Parent 9184] WARNING: pipe error: 109: file z:/build/build/src/ipc/chromium/src/chrome/common/ipc_channel_win.cc, line 346
[Child 5252] WARNING: pipe error: 109: file z:/build/build/src/ipc/chromium/src/chrome/common/ipc_channel_win.cc, line 346
[Child 5252] WARNING: pipe error: 109: file z:/build/build/src/ipc/chromium/src/chrome/common/ipc_channel_win.cc, line 346
[Parent 9184] WARNING: pipe error: 109: file z:/build/build/src/ipc/chromium/src/chrome/common/ipc_channel_win.cc, line 346
1619155253280	addons.productaddons	WARN	Failed downloading via XHR, status: 0, reason: error
[Child 22628] WARNING: pipe error: 109: file z:/build/build/src/ipc/chromium/src/chrome/common/ipc_channel_win.cc, line 346
[Child 22628] WARNING: pipe error: 109: file z:/build/build/src/ipc/chromium/src/chrome/common/ipc_channel_win.cc, line 346
1619155253283	addons.productaddons	WARN	Failed downloading via XHR, status: 0, reason: error
*** UTM:SVC TimerManager:registerTimer called after profile-before-change notification. Ignoring timer registration for id: telemetry_modules_ping
[GPU 22700] WARNING: pipe error: 109: file z:/build/build/src/ipc/chromium/src/chrome/common/ipc_channel_win.cc, line 346

###!!! [Child][MessageChannel::SendAndWait] Error: Channel error: cannot send/recv

1619155503594	geckodriver	INFO	geckodriver 0.20.1
1619155503606	geckodriver	INFO	Listening on 127.0.0.1:2571
1619155506658	mozrunner::runner	INFO	Running command: "C:\\Program Files\\Mozilla Firefox\\firefox.exe" "-marionette" "-profile" "C:\\Users\\DELL\\AppData\\Local\\Temp\\rust_mozprofile.qYvtek11K6EW"
1619155506863	addons.xpi	WARN	Error parsing extensions state: [Exception... "Component returned failure code: 0x80520012 (NS_ERROR_FILE_NOT_FOUND) [amIAddonManagerStartup.readStartupData]"  nsresult: "0x80520012 (NS_ERROR_FILE_NOT_FOUND)"  location: "JS frame :: resource://gre/modules/addons/XPIProvider.jsm :: loadExtensionState :: line 1554"  data: no] Stack trace: loadExtensionState()@resource://gre/modules/addons/XPIProvider.jsm:1554 < getInstallState()@resource://gre/modules/addons/XPIProvider.jsm:1589 < checkForChanges()@resource://gre/modules/addons/XPIProvider.jsm:3109 < startup()@resource://gre/modules/addons/XPIProvider.jsm:2188 < callProvider()@resource://gre/modules/AddonManager.jsm:269 < _startProvider()@resource://gre/modules/AddonManager.jsm:739 < startup()@resource://gre/modules/AddonManager.jsm:906 < startup()@resource://gre/modules/AddonManager.jsm:3090 < observe()@jar:file:///C:/Program%20Files/Mozilla%20Firefox/omni.ja!/components/addonManager.js:65
Unable to read VR Path Registry from C:\Users\DELL\AppData\Local\openvr\openvrpaths.vrpath
1619155507316	Marionette	INFO	Enabled via --marionette
Unable to read VR Path Registry from C:\Users\DELL\AppData\Local\openvr\openvrpaths.vrpath
Unable to read VR Path Registry from C:\Users\DELL\AppData\Local\openvr\openvrpaths.vrpath
Unable to read VR Path Registry from C:\Users\DELL\AppData\Local\openvr\openvrpaths.vrpath
Unable to read VR Path Registry from C:\Users\DELL\AppData\Local\openvr\openvrpaths.vrpath
[Parent 18724] WARNING: pipe error: 109: file z:/build/build/src/ipc/chromium/src/chrome/common/ipc_channel_win.cc, line 346
1619155508683	Marionette	INFO	Listening on port 2581
1619155508705	Marionette	WARN	TLS certificate errors will be ignored for this session
1619155508742	Marionette	DEBUG	Register listener.js for window 4294967297
1619155508779	Marionette	DEBUG	Received DOM event "beforeunload" for "about:blank"
1619155511871	Marionette	DEBUG	Received DOM event "pagehide" for "about:blank"
1619155511872	Marionette	DEBUG	Received DOM event "unload" for "about:blank"
1619155511877	Marionette	DEBUG	Received DOM event "DOMContentLoaded" for "http://localhost:8000/"
1619155511885	Marionette	DEBUG	Received DOM event "pageshow" for "http://localhost:8000/"
1619155522042	Marionette	INFO	New connections will no longer be accepted
[Parent 18724] WARNING: pipe error: 109: file z:/build/build/src/ipc/chromium/src/chrome/common/ipc_channel_win.cc, line 346
[Child 13872] WARNING: pipe error: 109: file z:/build/build/src/ipc/chromium/src/chrome/common/ipc_channel_win.cc, line 346
[Child 13872] WARNING: pipe error: 109: file z:/build/build/src/ipc/chromium/src/chrome/common/ipc_channel_win.cc, line 346
[Parent 18724] WARNING: pipe error: 109: file z:/build/build/src/ipc/chromium/src/chrome/common/ipc_channel_win.cc, line 346
[Child 21812] WARNING: pipe error: 109: file z:/build/build/src/ipc/chromium/src/chrome/common/ipc_channel_win.cc, line 346
[Child 21812] WARNING: pipe error: 109: file z:/build/build/src/ipc/chromium/src/chrome/common/ipc_channel_win.cc, line 346
1619155522144	addons.productaddons	WARN	Failed downloading via XHR, status: 0, reason: error
*** UTM:SVC TimerManager:registerTimer called after profile-before-change notification. Ignoring timer registration for id: telemetry_modules_ping
[GPU 18252] WARNING: pipe error: 109: file z:/build/build/src/ipc/chromium/src/chrome/common/ipc_channel_win.cc, line 346

###!!! [Child][MessageChannel::SendAndWait] Error: Channel error: cannot send/recv

1619155611807	geckodriver	INFO	geckodriver 0.20.1
1619155611820	geckodriver	INFO	Listening on 127.0.0.1:2639
1619155614869	mozrunner::runner	INFO	Running command: "C:\\Program Files\\Mozilla Firefox\\firefox.exe" "-marionette" "-profile" "C:\\Users\\DELL\\AppData\\Local\\Temp\\rust_mozprofile.wIZqbN2lrOiz"
1619155615072	addons.xpi	WARN	Error parsing extensions state: [Exception... "Component returned failure code: 0x80520012 (NS_ERROR_FILE_NOT_FOUND) [amIAddonManagerStartup.readStartupData]"  nsresult: "0x80520012 (NS_ERROR_FILE_NOT_FOUND)"  location: "JS frame :: resource://gre/modules/addons/XPIProvider.jsm :: loadExtensionState :: line 1554"  data: no] Stack trace: loadExtensionState()@resource://gre/modules/addons/XPIProvider.jsm:1554 < getInstallState()@resource://gre/modules/addons/XPIProvider.jsm:1589 < checkForChanges()@resource://gre/modules/addons/XPIProvider.jsm:3109 < startup()@resource://gre/modules/addons/XPIProvider.jsm:2188 < callProvider()@resource://gre/modules/AddonManager.jsm:269 < _startProvider()@resource://gre/modules/AddonManager.jsm:739 < startup()@resource://gre/modules/AddonManager.jsm:906 < startup()@resource://gre/modules/AddonManager.jsm:3090 < observe()@jar:file:///C:/Program%20Files/Mozilla%20Firefox/omni.ja!/components/addonManager.js:65
Unable to read VR Path Registry from C:\Users\DELL\AppData\Local\openvr\openvrpaths.vrpath
1619155615483	Marionette	INFO	Enabled via --marionette
Unable to read VR Path Registry from C:\Users\DELL\AppData\Local\openvr\openvrpaths.vrpath
Unable to read VR Path Registry from C:\Users\DELL\AppData\Local\openvr\openvrpaths.vrpath
Unable to read VR Path Registry from C:\Users\DELL\AppData\Local\openvr\openvrpaths.vrpath
Unable to read VR Path Registry from C:\Users\DELL\AppData\Local\openvr\openvrpaths.vrpath
[Child 8288] WARNING: pipe error: 109: file z:/build/build/src/ipc/chromium/src/chrome/common/ipc_channel_win.cc, line 346
1619155616934	Marionette	INFO	Listening on port 2647
1619155617407	Marionette	WARN	TLS certificate errors will be ignored for this session
1619155617440	Marionette	DEBUG	Register listener.js for window 4294967297
1619155617471	Marionette	DEBUG	Received DOM event "beforeunload" for "about:blank"
1619155620023	Marionette	DEBUG	Received DOM event "pagehide" for "about:blank"
1619155620023	Marionette	DEBUG	Received DOM event "unload" for "about:blank"
1619155620027	Marionette	DEBUG	Received DOM event "DOMContentLoaded" for "http://localhost:8000/"
1619155620034	Marionette	DEBUG	Received DOM event "pageshow" for "http://localhost:8000/"
1619155630206	Marionette	INFO	New connections will no longer be accepted
[Parent 19920] WARNING: pipe error: 109: file z:/build/build/src/ipc/chromium/src/chrome/common/ipc_channel_win.cc, line 346
[Child 420] WARNING: pipe error: 109: file z:/build/build/src/ipc/chromium/src/chrome/common/ipc_channel_win.cc, line 346
[Child 420] WARNING: pipe error: 109: file z:/build/build/src/ipc/chromium/src/chrome/common/ipc_channel_win.cc, line 346
1619155630283	addons.productaddons	WARN	Failed downloading via XHR, status: 0, reason: error
[Parent 19920] WARNING: pipe error: 109: file z:/build/build/src/ipc/chromium/src/chrome/common/ipc_channel_win.cc, line 346
[Child 13164] WARNING: pipe error: 109: file z:/build/build/src/ipc/chromium/src/chrome/common/ipc_channel_win.cc, line 346
[Child 13164] WARNING: pipe error: 109: file z:/build/build/src/ipc/chromium/src/chrome/common/ipc_channel_win.cc, line 346
*** UTM:SVC TimerManager:registerTimer called after profile-before-change notification. Ignoring timer registration for id: telemetry_modules_ping
[GPU 21260] WARNING: pipe error: 109: file z:/build/build/src/ipc/chromium/src/chrome/common/ipc_channel_win.cc, line 346

###!!! [Child][MessageChannel::SendAndWait] Error: Channel error: cannot send/recv

1619156227487	geckodriver	INFO	geckodriver 0.20.1
1619156227499	geckodriver	INFO	Listening on 127.0.0.1:4317
1619156230545	mozrunner::runner	INFO	Running command: "C:\\Program Files\\Mozilla Firefox\\firefox.exe" "-marionette" "-profile" "C:\\Users\\DELL\\AppData\\Local\\Temp\\rust_mozprofile.S7FzRom2jT7Q"
1619156230752	addons.xpi	WARN	Error parsing extensions state: [Exception... "Component returned failure code: 0x80520012 (NS_ERROR_FILE_NOT_FOUND) [amIAddonManagerStartup.readStartupData]"  nsresult: "0x80520012 (NS_ERROR_FILE_NOT_FOUND)"  location: "JS frame :: resource://gre/modules/addons/XPIProvider.jsm :: loadExtensionState :: line 1554"  data: no] Stack trace: loadExtensionState()@resource://gre/modules/addons/XPIProvider.jsm:1554 < getInstallState()@resource://gre/modules/addons/XPIProvider.jsm:1589 < checkForChanges()@resource://gre/modules/addons/XPIProvider.jsm:3109 < startup()@resource://gre/modules/addons/XPIProvider.jsm:2188 < callProvider()@resource://gre/modules/AddonManager.jsm:269 < _startProvider()@resource://gre/modules/AddonManager.jsm:739 < startup()@resource://gre/modules/AddonManager.jsm:906 < startup()@resource://gre/modules/AddonManager.jsm:3090 < observe()@jar:file:///C:/Program%20Files/Mozilla%20Firefox/omni.ja!/components/addonManager.js:65
Unable to read VR Path Registry from C:\Users\DELL\AppData\Local\openvr\openvrpaths.vrpath
1619156231161	Marionette	INFO	Enabled via --marionette
Unable to read VR Path Registry from C:\Users\DELL\AppData\Local\openvr\openvrpaths.vrpath
Unable to read VR Path Registry from C:\Users\DELL\AppData\Local\openvr\openvrpaths.vrpath
Unable to read VR Path Registry from C:\Users\DELL\AppData\Local\openvr\openvrpaths.vrpath
Unable to read VR Path Registry from C:\Users\DELL\AppData\Local\openvr\openvrpaths.vrpath
[Parent 16788] WARNING: pipe error: 109: file z:/build/build/src/ipc/chromium/src/chrome/common/ipc_channel_win.cc, line 346
[Child 6984] WARNING: pipe error: 109: file z:/build/build/src/ipc/chromium/src/chrome/common/ipc_channel_win.cc, line 346
[Child 6984] WARNING: pipe error: 109: file z:/build/build/src/ipc/chromium/src/chrome/common/ipc_channel_win.cc, line 346
1619156232422	Marionette	INFO	Listening on port 4325
1619156232587	Marionette	WARN	TLS certificate errors will be ignored for this session
1619156232626	Marionette	DEBUG	Register listener.js for window 6442450945
1619156232652	Marionette	DEBUG	Received DOM event "beforeunload" for "about:blank"
1619156235675	Marionette	DEBUG	Received DOM event "pagehide" for "about:blank"
1619156235675	Marionette	DEBUG	Received DOM event "unload" for "about:blank"
1619156235683	Marionette	DEBUG	Received DOM event "DOMContentLoaded" for "http://localhost:8000/"
1619156235691	Marionette	DEBUG	Received DOM event "pageshow" for "http://localhost:8000/"
1619156236856	Marionette	INFO	New connections will no longer be accepted
[Parent 16788] WARNING: pipe error: 109: file z:/build/build/src/ipc/chromium/src/chrome/common/ipc_channel_win.cc, line 346
[Child 23028] WARNING: pipe error: 109: file z:/build/build/src/ipc/chromium/src/chrome/common/ipc_channel_win.cc, line 346
[Child 23028] WARNING: pipe error: 109: file z:/build/build/src/ipc/chromium/src/chrome/common/ipc_channel_win.cc, line 346
1619156236929	addons.productaddons	WARN	Failed downloading via XHR, status: 0, reason: error
[Child 23308] WARNING: pipe error: 109: file z:/build/build/src/ipc/chromium/src/chrome/common/ipc_channel_win.cc, line 346
[Child 23308] WARNING: pipe error: 109: file z:/build/build/src/ipc/chromium/src/chrome/common/ipc_channel_win.cc, line 346
1619156236930	addons.productaddons	WARN	Failed downloading via XHR, status: 0, reason: error
*** UTM:SVC TimerManager:registerTimer called after profile-before-change notification. Ignoring timer registration for id: telemetry_modules_ping
[GPU 22728] WARNING: pipe error: 109: file z:/build/build/src/ipc/chromium/src/chrome/common/ipc_channel_win.cc, line 346

###!!! [Child][MessageChannel::SendAndWait] Error: Channel error: cannot send/recv

1619157373876	geckodriver	INFO	geckodriver 0.20.1
1619157373887	geckodriver	INFO	Listening on 127.0.0.1:4453
1619157376929	mozrunner::runner	INFO	Running command: "C:\\Program Files\\Mozilla Firefox\\firefox.exe" "-marionette" "-profile" "C:\\Users\\DELL\\AppData\\Local\\Temp\\rust_mozprofile.2fmW55TDnnSI"
1619157377445	addons.xpi	WARN	Error parsing extensions state: [Exception... "Component returned failure code: 0x80520012 (NS_ERROR_FILE_NOT_FOUND) [amIAddonManagerStartup.readStartupData]"  nsresult: "0x80520012 (NS_ERROR_FILE_NOT_FOUND)"  location: "JS frame :: resource://gre/modules/addons/XPIProvider.jsm :: loadExtensionState :: line 1554"  data: no] Stack trace: loadExtensionState()@resource://gre/modules/addons/XPIProvider.jsm:1554 < getInstallState()@resource://gre/modules/addons/XPIProvider.jsm:1589 < checkForChanges()@resource://gre/modules/addons/XPIProvider.jsm:3109 < startup()@resource://gre/modules/addons/XPIProvider.jsm:2188 < callProvider()@resource://gre/modules/AddonManager.jsm:269 < _startProvider()@resource://gre/modules/AddonManager.jsm:739 < startup()@resource://gre/modules/AddonManager.jsm:906 < startup()@resource://gre/modules/AddonManager.jsm:3090 < observe()@jar:file:///C:/Program%20Files/Mozilla%20Firefox/omni.ja!/components/addonManager.js:65
Unable to read VR Path Registry from C:\Users\DELL\AppData\Local\openvr\openvrpaths.vrpath
1619157377924	Marionette	INFO	Enabled via --marionette
Unable to read VR Path Registry from C:\Users\DELL\AppData\Local\openvr\openvrpaths.vrpath
Unable to read VR Path Registry from C:\Users\DELL\AppData\Local\openvr\openvrpaths.vrpath
Unable to read VR Path Registry from C:\Users\DELL\AppData\Local\openvr\openvrpaths.vrpath
[Parent 18376] WARNING: pipe error: 109: file z:/build/build/src/ipc/chromium/src/chrome/common/ipc_channel_win.cc, line 346
[Child 11620] WARNING: pipe error: 109: file z:/build/build/src/ipc/chromium/src/chrome/common/ipc_channel_win.cc, line 346
[Child 11620] WARNING: pipe error: 109: file z:/build/build/src/ipc/chromium/src/chrome/common/ipc_channel_win.cc, line 346
Unable to read VR Path Registry from C:\Users\DELL\AppData\Local\openvr\openvrpaths.vrpath
1619157379279	Marionette	INFO	Listening on port 4461
1619157379479	Marionette	WARN	TLS certificate errors will be ignored for this session
1619157379514	Marionette	DEBUG	Register listener.js for window 4294967297
1619157379543	Marionette	DEBUG	Received DOM event "beforeunload" for "about:blank"
1619157382439	Marionette	DEBUG	Received DOM event "pagehide" for "about:blank"
1619157382439	Marionette	DEBUG	Received DOM event "unload" for "about:blank"
1619157382445	Marionette	DEBUG	Received DOM event "DOMContentLoaded" for "http://localhost:8000/"
1619157382451	Marionette	DEBUG	Received DOM event "pageshow" for "http://localhost:8000/"
1619157383638	Marionette	INFO	New connections will no longer be accepted
[Parent 18376] WARNING: pipe error: 109: file z:/build/build/src/ipc/chromium/src/chrome/common/ipc_channel_win.cc, line 346
[Child 9328] WARNING: pipe error: 109: file z:/build/build/src/ipc/chromium/src/chrome/common/ipc_channel_win.cc, line 346
[Child 9328] WARNING: pipe error: 109: file z:/build/build/src/ipc/chromium/src/chrome/common/ipc_channel_win.cc, line 346
[Parent 18376] WARNING: pipe error: 109: file z:/build/build/src/ipc/chromium/src/chrome/common/ipc_channel_win.cc, line 346
[Child 22552] WARNING: pipe error: 109: file z:/build/build/src/ipc/chromium/src/chrome/common/ipc_channel_win.cc, line 346
[Child 22552] WARNING: pipe error: 109: file z:/build/build/src/ipc/chromium/src/chrome/common/ipc_channel_win.cc, line 346
1619157383701	addons.productaddons	WARN	Failed downloading via XHR, status: 0, reason: error
1619157383703	addons.productaddons	WARN	Failed downloading via XHR, status: 0, reason: error
*** UTM:SVC TimerManager:registerTimer called after profile-before-change notification. Ignoring timer registration for id: telemetry_modules_ping
[GPU 19724] WARNING: pipe error: 109: file z:/build/build/src/ipc/chromium/src/chrome/common/ipc_channel_win.cc, line 346

###!!! [Child][MessageChannel::SendAndWait] Error: Channel error: cannot send/recv

1619157479712	geckodriver	INFO	geckodriver 0.20.1
1619157479724	geckodriver	INFO	Listening on 127.0.0.1:4516
1619157482787	mozrunner::runner	INFO	Running command: "C:\\Program Files\\Mozilla Firefox\\firefox.exe" "-marionette" "-profile" "C:\\Users\\DELL\\AppData\\Local\\Temp\\rust_mozprofile.59c6izwJMrbL"
1619157482999	addons.xpi	WARN	Error parsing extensions state: [Exception... "Component returned failure code: 0x80520012 (NS_ERROR_FILE_NOT_FOUND) [amIAddonManagerStartup.readStartupData]"  nsresult: "0x80520012 (NS_ERROR_FILE_NOT_FOUND)"  location: "JS frame :: resource://gre/modules/addons/XPIProvider.jsm :: loadExtensionState :: line 1554"  data: no] Stack trace: loadExtensionState()@resource://gre/modules/addons/XPIProvider.jsm:1554 < getInstallState()@resource://gre/modules/addons/XPIProvider.jsm:1589 < checkForChanges()@resource://gre/modules/addons/XPIProvider.jsm:3109 < startup()@resource://gre/modules/addons/XPIProvider.jsm:2188 < callProvider()@resource://gre/modules/AddonManager.jsm:269 < _startProvider()@resource://gre/modules/AddonManager.jsm:739 < startup()@resource://gre/modules/AddonManager.jsm:906 < startup()@resource://gre/modules/AddonManager.jsm:3090 < observe()@jar:file:///C:/Program%20Files/Mozilla%20Firefox/omni.ja!/components/addonManager.js:65
Unable to read VR Path Registry from C:\Users\DELL\AppData\Local\openvr\openvrpaths.vrpath
1619157483383	Marionette	INFO	Enabled via --marionette
Unable to read VR Path Registry from C:\Users\DELL\AppData\Local\openvr\openvrpaths.vrpath
Unable to read VR Path Registry from C:\Users\DELL\AppData\Local\openvr\openvrpaths.vrpath
Unable to read VR Path Registry from C:\Users\DELL\AppData\Local\openvr\openvrpaths.vrpath
[Parent 3540] WARNING: pipe error: 109: file z:/build/build/src/ipc/chromium/src/chrome/common/ipc_channel_win.cc, line 346
[Child 8520] WARNING: pipe error: 109: file z:/build/build/src/ipc/chromium/src/chrome/common/ipc_channel_win.cc, line 346
[Child 8520] WARNING: pipe error: 109: file z:/build/build/src/ipc/chromium/src/chrome/common/ipc_channel_win.cc, line 346
Unable to read VR Path Registry from C:\Users\DELL\AppData\Local\openvr\openvrpaths.vrpath
1619157484739	Marionette	INFO	Listening on port 4524
1619157484845	Marionette	WARN	TLS certificate errors will be ignored for this session
1619157484879	Marionette	DEBUG	Register listener.js for window 4294967297
1619157484915	Marionette	DEBUG	Received DOM event "beforeunload" for "about:blank"
1619157487898	Marionette	DEBUG	Received DOM event "pagehide" for "about:blank"
1619157487899	Marionette	DEBUG	Received DOM event "unload" for "about:blank"
1619157487904	Marionette	DEBUG	Received DOM event "DOMContentLoaded" for "http://localhost:8000/"
1619157487910	Marionette	DEBUG	Received DOM event "pageshow" for "http://localhost:8000/"
1619157489118	Marionette	INFO	New connections will no longer be accepted
[Parent 3540] WARNING: pipe error: 109: file z:/build/build/src/ipc/chromium/src/chrome/common/ipc_channel_win.cc, line 346
[Child 14420] WARNING: pipe error: 109: file z:/build/build/src/ipc/chromium/src/chrome/common/ipc_channel_win.cc, line 346
[Child 14420] WARNING: pipe error: 109: file z:/build/build/src/ipc/chromium/src/chrome/common/ipc_channel_win.cc, line 346
[Parent 3540] WARNING: pipe error: 109: file z:/build/build/src/ipc/chromium/src/chrome/common/ipc_channel_win.cc, line 346
1619157489199	addons.productaddons	WARN	Failed downloading via XHR, status: 0, reason: error
[Child 14948] WARNING: pipe error: 109: file z:/build/build/src/ipc/chromium/src/chrome/common/ipc_channel_win.cc, line 346
[Child 14948] WARNING: pipe error: 109: file z:/build/build/src/ipc/chromium/src/chrome/common/ipc_channel_win.cc, line 346
1619157489203	addons.productaddons	WARN	Failed downloading via XHR, status: 0, reason: error
*** UTM:SVC TimerManager:registerTimer called after profile-before-change notification. Ignoring timer registration for id: telemetry_modules_ping
[GPU 13676] WARNING: pipe error: 109: file z:/build/build/src/ipc/chromium/src/chrome/common/ipc_channel_win.cc, line 346

###!!! [Child][MessageChannel::SendAndWait] Error: Channel error: cannot send/recv

1619157501975	geckodriver	INFO	geckodriver 0.20.1
1619157501986	geckodriver	INFO	Listening on 127.0.0.1:4570
1619157505044	mozrunner::runner	INFO	Running command: "C:\\Program Files\\Mozilla Firefox\\firefox.exe" "-marionette" "-profile" "C:\\Users\\DELL\\AppData\\Local\\Temp\\rust_mozprofile.TMIQCTnx8DHG"
1619157505257	addons.xpi	WARN	Error parsing extensions state: [Exception... "Component returned failure code: 0x80520012 (NS_ERROR_FILE_NOT_FOUND) [amIAddonManagerStartup.readStartupData]"  nsresult: "0x80520012 (NS_ERROR_FILE_NOT_FOUND)"  location: "JS frame :: resource://gre/modules/addons/XPIProvider.jsm :: loadExtensionState :: line 1554"  data: no] Stack trace: loadExtensionState()@resource://gre/modules/addons/XPIProvider.jsm:1554 < getInstallState()@resource://gre/modules/addons/XPIProvider.jsm:1589 < checkForChanges()@resource://gre/modules/addons/XPIProvider.jsm:3109 < startup()@resource://gre/modules/addons/XPIProvider.jsm:2188 < callProvider()@resource://gre/modules/AddonManager.jsm:269 < _startProvider()@resource://gre/modules/AddonManager.jsm:739 < startup()@resource://gre/modules/AddonManager.jsm:906 < startup()@resource://gre/modules/AddonManager.jsm:3090 < observe()@jar:file:///C:/Program%20Files/Mozilla%20Firefox/omni.ja!/components/addonManager.js:65
Unable to read VR Path Registry from C:\Users\DELL\AppData\Local\openvr\openvrpaths.vrpath
1619157505659	Marionette	INFO	Enabled via --marionette
Unable to read VR Path Registry from C:\Users\DELL\AppData\Local\openvr\openvrpaths.vrpath
Unable to read VR Path Registry from C:\Users\DELL\AppData\Local\openvr\openvrpaths.vrpath
Unable to read VR Path Registry from C:\Users\DELL\AppData\Local\openvr\openvrpaths.vrpath
[Parent 20300] WARNING: pipe error: 109: file z:/build/build/src/ipc/chromium/src/chrome/common/ipc_channel_win.cc, line 346
[Child 12348] WARNING: pipe error: 109: file z:/build/build/src/ipc/chromium/src/chrome/common/ipc_channel_win.cc, line 346
[Child 12348] WARNING: pipe error: 109: file z:/build/build/src/ipc/chromium/src/chrome/common/ipc_channel_win.cc, line 346
Unable to read VR Path Registry from C:\Users\DELL\AppData\Local\openvr\openvrpaths.vrpath
1619157506944	Marionette	INFO	Listening on port 4578
1619157507097	Marionette	WARN	TLS certificate errors will be ignored for this session
1619157507133	Marionette	DEBUG	Register listener.js for window 4294967297
1619157507152	Marionette	DEBUG	Received DOM event "beforeunload" for "about:blank"
1619157510156	Marionette	DEBUG	Received DOM event "pagehide" for "about:blank"
1619157510156	Marionette	DEBUG	Received DOM event "unload" for "about:blank"
1619157510162	Marionette	DEBUG	Received DOM event "DOMContentLoaded" for "http://localhost:8000/"
1619157510169	Marionette	DEBUG	Received DOM event "pageshow" for "http://localhost:8000/"
1619157520430	Marionette	INFO	New connections will no longer be accepted
[Parent 20300] WARNING: pipe error: 109: file z:/build/build/src/ipc/chromium/src/chrome/common/ipc_channel_win.cc, line 346
[Child 3716] WARNING: pipe error: 109: file z:/build/build/src/ipc/chromium/src/chrome/common/ipc_channel_win.cc, line 346
[Child 3716] WARNING: pipe error: 109: file z:/build/build/src/ipc/chromium/src/chrome/common/ipc_channel_win.cc, line 346
[Parent 20300] WARNING: pipe error: 109: file z:/build/build/src/ipc/chromium/src/chrome/common/ipc_channel_win.cc, line 346
[Child 1596] WARNING: pipe error: 109: file z:/build/build/src/ipc/chromium/src/chrome/common/ipc_channel_win.cc, line 346
[Child 1596] WARNING: pipe error: 109: file z:/build/build/src/ipc/chromium/src/chrome/common/ipc_channel_win.cc, line 346
1619157520534	addons.productaddons	WARN	Failed downloading via XHR, status: 0, reason: error
*** UTM:SVC TimerManager:registerTimer called after profile-before-change notification. Ignoring timer registration for id: telemetry_modules_ping
[GPU 15076] WARNING: pipe error: 109: file z:/build/build/src/ipc/chromium/src/chrome/common/ipc_channel_win.cc, line 346

###!!! [Child][MessageChannel::SendAndWait] Error: Channel error: cannot send/recv

1619157968109	geckodriver	INFO	geckodriver 0.20.1
1619157968121	geckodriver	INFO	Listening on 127.0.0.1:12296
1619157971186	mozrunner::runner	INFO	Running command: "C:\\Program Files\\Mozilla Firefox\\firefox.exe" "-marionette" "-profile" "C:\\Users\\DELL\\AppData\\Local\\Temp\\rust_mozprofile.7TYYgRJNHqH5"
1619157971388	addons.xpi	WARN	Error parsing extensions state: [Exception... "Component returned failure code: 0x80520012 (NS_ERROR_FILE_NOT_FOUND) [amIAddonManagerStartup.readStartupData]"  nsresult: "0x80520012 (NS_ERROR_FILE_NOT_FOUND)"  location: "JS frame :: resource://gre/modules/addons/XPIProvider.jsm :: loadExtensionState :: line 1554"  data: no] Stack trace: loadExtensionState()@resource://gre/modules/addons/XPIProvider.jsm:1554 < getInstallState()@resource://gre/modules/addons/XPIProvider.jsm:1589 < checkForChanges()@resource://gre/modules/addons/XPIProvider.jsm:3109 < startup()@resource://gre/modules/addons/XPIProvider.jsm:2188 < callProvider()@resource://gre/modules/AddonManager.jsm:269 < _startProvider()@resource://gre/modules/AddonManager.jsm:739 < startup()@resource://gre/modules/AddonManager.jsm:906 < startup()@resource://gre/modules/AddonManager.jsm:3090 < observe()@jar:file:///C:/Program%20Files/Mozilla%20Firefox/omni.ja!/components/addonManager.js:65
Unable to read VR Path Registry from C:\Users\DELL\AppData\Local\openvr\openvrpaths.vrpath
1619157971770	Marionette	INFO	Enabled via --marionette
Unable to read VR Path Registry from C:\Users\DELL\AppData\Local\openvr\openvrpaths.vrpath
Unable to read VR Path Registry from C:\Users\DELL\AppData\Local\openvr\openvrpaths.vrpath
Unable to read VR Path Registry from C:\Users\DELL\AppData\Local\openvr\openvrpaths.vrpath
Unable to read VR Path Registry from C:\Users\DELL\AppData\Local\openvr\openvrpaths.vrpath
[Parent 17788] WARNING: pipe error: 109: file z:/build/build/src/ipc/chromium/src/chrome/common/ipc_channel_win.cc, line 346
[Child 2340] WARNING: pipe error: 109: file z:/build/build/src/ipc/chromium/src/chrome/common/ipc_channel_win.cc, line 346
[Child 2340] WARNING: pipe error: 109: file z:/build/build/src/ipc/chromium/src/chrome/common/ipc_channel_win.cc, line 346
1619157973134	Marionette	INFO	Listening on port 12304
1619157973246	Marionette	WARN	TLS certificate errors will be ignored for this session
1619157973282	Marionette	DEBUG	Register listener.js for window 4294967297
1619157973308	Marionette	DEBUG	Received DOM event "beforeunload" for "about:blank"
1619157976295	Marionette	DEBUG	Received DOM event "pagehide" for "about:blank"
1619157976295	Marionette	DEBUG	Received DOM event "unload" for "about:blank"
1619157976299	Marionette	DEBUG	Received DOM event "DOMContentLoaded" for "http://localhost:8000/"
1619157976306	Marionette	DEBUG	Received DOM event "pageshow" for "http://localhost:8000/"
1619157986485	Marionette	INFO	New connections will no longer be accepted
[Parent 17788] WARNING: pipe error: 109: file z:/build/build/src/ipc/chromium/src/chrome/common/ipc_channel_win.cc, line 346
[Child 9024] WARNING: pipe error: 109: file z:/build/build/src/ipc/chromium/src/chrome/common/ipc_channel_win.cc, line 346
[Child 9024] WARNING: pipe error: 109: file z:/build/build/src/ipc/chromium/src/chrome/common/ipc_channel_win.cc, line 346
[Parent 17788] WARNING: pipe error: 109: file z:/build/build/src/ipc/chromium/src/chrome/common/ipc_channel_win.cc, line 346
1619157986563	addons.productaddons	WARN	Failed downloading via XHR, status: 0, reason: error
[Child 7772] WARNING: pipe error: 109: file z:/build/build/src/ipc/chromium/src/chrome/common/ipc_channel_win.cc, line 346
[Child 7772] WARNING: pipe error: 109: file z:/build/build/src/ipc/chromium/src/chrome/common/ipc_channel_win.cc, line 346
*** UTM:SVC TimerManager:registerTimer called after profile-before-change notification. Ignoring timer registration for id: telemetry_modules_ping
[GPU 22920] WARNING: pipe error: 109: file z:/build/build/src/ipc/chromium/src/chrome/common/ipc_channel_win.cc, line 346

###!!! [Child][MessageChannel::SendAndWait] Error: Channel error: cannot send/recv

1619158188274	geckodriver	INFO	geckodriver 0.20.1
1619158188285	geckodriver	INFO	Listening on 127.0.0.1:12387
1619158191309	mozrunner::runner	INFO	Running command: "C:\\Program Files\\Mozilla Firefox\\firefox.exe" "-marionette" "-profile" "C:\\Users\\DELL\\AppData\\Local\\Temp\\rust_mozprofile.H9hh6NKnsxzg"
1619158191553	addons.xpi	WARN	Error parsing extensions state: [Exception... "Component returned failure code: 0x80520012 (NS_ERROR_FILE_NOT_FOUND) [amIAddonManagerStartup.readStartupData]"  nsresult: "0x80520012 (NS_ERROR_FILE_NOT_FOUND)"  location: "JS frame :: resource://gre/modules/addons/XPIProvider.jsm :: loadExtensionState :: line 1554"  data: no] Stack trace: loadExtensionState()@resource://gre/modules/addons/XPIProvider.jsm:1554 < getInstallState()@resource://gre/modules/addons/XPIProvider.jsm:1589 < checkForChanges()@resource://gre/modules/addons/XPIProvider.jsm:3109 < startup()@resource://gre/modules/addons/XPIProvider.jsm:2188 < callProvider()@resource://gre/modules/AddonManager.jsm:269 < _startProvider()@resource://gre/modules/AddonManager.jsm:739 < startup()@resource://gre/modules/AddonManager.jsm:906 < startup()@resource://gre/modules/AddonManager.jsm:3090 < observe()@jar:file:///C:/Program%20Files/Mozilla%20Firefox/omni.ja!/components/addonManager.js:65
Unable to read VR Path Registry from C:\Users\DELL\AppData\Local\openvr\openvrpaths.vrpath
1619158192083	Marionette	INFO	Enabled via --marionette
Unable to read VR Path Registry from C:\Users\DELL\AppData\Local\openvr\openvrpaths.vrpath
Unable to read VR Path Registry from C:\Users\DELL\AppData\Local\openvr\openvrpaths.vrpath
Unable to read VR Path Registry from C:\Users\DELL\AppData\Local\openvr\openvrpaths.vrpath
Unable to read VR Path Registry from C:\Users\DELL\AppData\Local\openvr\openvrpaths.vrpath
[Parent 19976] WARNING: pipe error: 109: file z:/build/build/src/ipc/chromium/src/chrome/common/ipc_channel_win.cc, line 346
1619158193683	Marionette	INFO	Listening on port 12395
1619158193847	Marionette	WARN	TLS certificate errors will be ignored for this session
1619158193886	Marionette	DEBUG	Register listener.js for window 6442450945
1619158193923	Marionette	DEBUG	Received DOM event "beforeunload" for "about:blank"
1619158196619	Marionette	DEBUG	Received DOM event "pagehide" for "about:blank"
1619158196619	Marionette	DEBUG	Received DOM event "unload" for "about:blank"
1619158196624	Marionette	DEBUG	Received DOM event "DOMContentLoaded" for "http://localhost:8000/"
1619158196632	Marionette	DEBUG	Received DOM event "pageshow" for "http://localhost:8000/"
1619158206803	Marionette	INFO	New connections will no longer be accepted
[Parent 19976] WARNING: pipe error: 109: file z:/build/build/src/ipc/chromium/src/chrome/common/ipc_channel_win.cc, line 346
[Child 8516] WARNING: pipe error: 109: file z:/build/build/src/ipc/chromium/src/chrome/common/ipc_channel_win.cc, line 346
[Child 8516] WARNING: pipe error: 109: file z:/build/build/src/ipc/chromium/src/chrome/common/ipc_channel_win.cc, line 346
[Parent 19976] WARNING: pipe error: 109: file z:/build/build/src/ipc/chromium/src/chrome/common/ipc_channel_win.cc, line 346
1619158206877	addons.productaddons	WARN	Failed downloading via XHR, status: 0, reason: error
[Child 9292] WARNING: pipe error: 109: file z:/build/build/src/ipc/chromium/src/chrome/common/ipc_channel_win.cc, line 346
[Child 9292] WARNING: pipe error: 109: file z:/build/build/src/ipc/chromium/src/chrome/common/ipc_channel_win.cc, line 346
*** UTM:SVC TimerManager:registerTimer called after profile-before-change notification. Ignoring timer registration for id: telemetry_modules_ping

###!!! [Child][MessageChannel::SendAndWait] Error: Channel error: cannot send/recv

1619158214581	geckodriver	INFO	geckodriver 0.20.1
1619158214592	geckodriver	INFO	Listening on 127.0.0.1:12461
1619158217653	mozrunner::runner	INFO	Running command: "C:\\Program Files\\Mozilla Firefox\\firefox.exe" "-marionette" "-profile" "C:\\Users\\DELL\\AppData\\Local\\Temp\\rust_mozprofile.75vvc94jPRBS"
1619158217864	addons.xpi	WARN	Error parsing extensions state: [Exception... "Component returned failure code: 0x80520012 (NS_ERROR_FILE_NOT_FOUND) [amIAddonManagerStartup.readStartupData]"  nsresult: "0x80520012 (NS_ERROR_FILE_NOT_FOUND)"  location: "JS frame :: resource://gre/modules/addons/XPIProvider.jsm :: loadExtensionState :: line 1554"  data: no] Stack trace: loadExtensionState()@resource://gre/modules/addons/XPIProvider.jsm:1554 < getInstallState()@resource://gre/modules/addons/XPIProvider.jsm:1589 < checkForChanges()@resource://gre/modules/addons/XPIProvider.jsm:3109 < startup()@resource://gre/modules/addons/XPIProvider.jsm:2188 < callProvider()@resource://gre/modules/AddonManager.jsm:269 < _startProvider()@resource://gre/modules/AddonManager.jsm:739 < startup()@resource://gre/modules/AddonManager.jsm:906 < startup()@resource://gre/modules/AddonManager.jsm:3090 < observe()@jar:file:///C:/Program%20Files/Mozilla%20Firefox/omni.ja!/components/addonManager.js:65
Unable to read VR Path Registry from C:\Users\DELL\AppData\Local\openvr\openvrpaths.vrpath
1619158218281	Marionette	INFO	Enabled via --marionette
Unable to read VR Path Registry from C:\Users\DELL\AppData\Local\openvr\openvrpaths.vrpath
Unable to read VR Path Registry from C:\Users\DELL\AppData\Local\openvr\openvrpaths.vrpath
Unable to read VR Path Registry from C:\Users\DELL\AppData\Local\openvr\openvrpaths.vrpath
Unable to read VR Path Registry from C:\Users\DELL\AppData\Local\openvr\openvrpaths.vrpath
[Parent 18860] WARNING: pipe error: 109: file z:/build/build/src/ipc/chromium/src/chrome/common/ipc_channel_win.cc, line 346
[Child 13048] WARNING: pipe error: 109: file z:/build/build/src/ipc/chromium/src/chrome/common/ipc_channel_win.cc, line 346
[Child 13048] WARNING: pipe error: 109: file z:/build/build/src/ipc/chromium/src/chrome/common/ipc_channel_win.cc, line 346
1619158219685	Marionette	INFO	Listening on port 12469
1619158219705	Marionette	WARN	TLS certificate errors will be ignored for this session
1619158219739	Marionette	DEBUG	Register listener.js for window 4294967297
1619158219772	Marionette	DEBUG	Received DOM event "beforeunload" for "about:blank"
1619158222794	Marionette	DEBUG	Received DOM event "pagehide" for "about:blank"
1619158222794	Marionette	DEBUG	Received DOM event "unload" for "about:blank"
1619158222803	Marionette	DEBUG	Received DOM event "DOMContentLoaded" for "http://localhost:8000/"
1619158222813	Marionette	DEBUG	Received DOM event "pageshow" for "http://localhost:8000/"
1619158232967	Marionette	INFO	New connections will no longer be accepted
[Parent 18860] WARNING: pipe error: 109: file z:/build/build/src/ipc/chromium/src/chrome/common/ipc_channel_win.cc, line 346
[Child 21580] WARNING: pipe error: 109: file z:/build/build/src/ipc/chromium/src/chrome/common/ipc_channel_win.cc, line 346
[Child 21580] WARNING: pipe error: 109: file z:/build/build/src/ipc/chromium/src/chrome/common/ipc_channel_win.cc, line 346
[Parent 18860] WARNING: pipe error: 109: file z:/build/build/src/ipc/chromium/src/chrome/common/ipc_channel_win.cc, line 346
[Child 3772] WARNING: pipe error: 109: file z:/build/build/src/ipc/chromium/src/chrome/common/ipc_channel_win.cc, line 346
[Child 3772] WARNING: pipe error: 109: file z:/build/build/src/ipc/chromium/src/chrome/common/ipc_channel_win.cc, line 346
1619158233050	addons.productaddons	WARN	Failed downloading via XHR, status: 0, reason: error
*** UTM:SVC TimerManager:registerTimer called after profile-before-change notification. Ignoring timer registration for id: telemetry_modules_ping
[GPU 23056] WARNING: pipe error: 109: file z:/build/build/src/ipc/chromium/src/chrome/common/ipc_channel_win.cc, line 346

###!!! [Child][MessageChannel::SendAndWait] Error: Channel error: cannot send/recv

1619158575720	geckodriver	INFO	geckodriver 0.20.1
1619158575731	geckodriver	INFO	Listening on 127.0.0.1:14410
1619158578798	mozrunner::runner	INFO	Running command: "C:\\Program Files\\Mozilla Firefox\\firefox.exe" "-marionette" "-profile" "C:\\Users\\DELL\\AppData\\Local\\Temp\\rust_mozprofile.ogRv9PYPiqS6"
1619158579008	addons.xpi	WARN	Error parsing extensions state: [Exception... "Component returned failure code: 0x80520012 (NS_ERROR_FILE_NOT_FOUND) [amIAddonManagerStartup.readStartupData]"  nsresult: "0x80520012 (NS_ERROR_FILE_NOT_FOUND)"  location: "JS frame :: resource://gre/modules/addons/XPIProvider.jsm :: loadExtensionState :: line 1554"  data: no] Stack trace: loadExtensionState()@resource://gre/modules/addons/XPIProvider.jsm:1554 < getInstallState()@resource://gre/modules/addons/XPIProvider.jsm:1589 < checkForChanges()@resource://gre/modules/addons/XPIProvider.jsm:3109 < startup()@resource://gre/modules/addons/XPIProvider.jsm:2188 < callProvider()@resource://gre/modules/AddonManager.jsm:269 < _startProvider()@resource://gre/modules/AddonManager.jsm:739 < startup()@resource://gre/modules/AddonManager.jsm:906 < startup()@resource://gre/modules/AddonManager.jsm:3090 < observe()@jar:file:///C:/Program%20Files/Mozilla%20Firefox/omni.ja!/components/addonManager.js:65
Unable to read VR Path Registry from C:\Users\DELL\AppData\Local\openvr\openvrpaths.vrpath
1619158579476	Marionette	INFO	Enabled via --marionette
Unable to read VR Path Registry from C:\Users\DELL\AppData\Local\openvr\openvrpaths.vrpath
Unable to read VR Path Registry from C:\Users\DELL\AppData\Local\openvr\openvrpaths.vrpath
Unable to read VR Path Registry from C:\Users\DELL\AppData\Local\openvr\openvrpaths.vrpath
Unable to read VR Path Registry from C:\Users\DELL\AppData\Local\openvr\openvrpaths.vrpath
[Parent 8968] WARNING: pipe error: 109: file z:/build/build/src/ipc/chromium/src/chrome/common/ipc_channel_win.cc, line 346
[Child 15428] WARNING: pipe error: 109: file z:/build/build/src/ipc/chromium/src/chrome/common/ipc_channel_win.cc, line 346
[Child 15428] WARNING: pipe error: 109: file z:/build/build/src/ipc/chromium/src/chrome/common/ipc_channel_win.cc, line 346
1619158580805	Marionette	INFO	Listening on port 5255
1619158580858	Marionette	WARN	TLS certificate errors will be ignored for this session
1619158580894	Marionette	DEBUG	Register listener.js for window 4294967297
1619158580929	Marionette	DEBUG	Received DOM event "beforeunload" for "about:blank"
1619158583990	Marionette	DEBUG	Received DOM event "pagehide" for "about:blank"
1619158583990	Marionette	DEBUG	Received DOM event "unload" for "about:blank"
1619158583994	Marionette	DEBUG	Received DOM event "DOMContentLoaded" for "http://localhost:8000/"
1619158584003	Marionette	DEBUG	Received DOM event "pageshow" for "http://localhost:8000/"
1619158594253	Marionette	INFO	New connections will no longer be accepted
[Parent 8968] WARNING: pipe error: 109: file z:/build/build/src/ipc/chromium/src/chrome/common/ipc_channel_win.cc, line 346
[Child 20712] WARNING: pipe error: 109: file z:/build/build/src/ipc/chromium/src/chrome/common/ipc_channel_win.cc, line 346
[Child 20712] WARNING: pipe error: 109: file z:/build/build/src/ipc/chromium/src/chrome/common/ipc_channel_win.cc, line 346
[Parent 8968] WARNING: pipe error: 109: file z:/build/build/src/ipc/chromium/src/chrome/common/ipc_channel_win.cc, line 346
[Child 9428] WARNING: pipe error: 109: file z:/build/build/src/ipc/chromium/src/chrome/common/ipc_channel_win.cc, line 346
1619158594337	addons.productaddons	WARN	Failed downloading via XHR, status: 0, reason: error
*** UTM:SVC TimerManager:registerTimer called after profile-before-change notification. Ignoring timer registration for id: telemetry_modules_ping
[GPU 15572] WARNING: pipe error: 109: file z:/build/build/src/ipc/chromium/src/chrome/common/ipc_channel_win.cc, line 346

###!!! [Child][MessageChannel::SendAndWait] Error: Channel error: cannot send/recv

